Log file open, 12/03/25 22:03:35
LogWindows: Failed to load 'aqProf.dll' (GetLastError=126)
LogWindows: File 'aqProf.dll' does not exist
LogWindows: Failed to load 'VtuneApi.dll' (GetLastError=126)
LogWindows: File 'VtuneApi.dll' does not exist
LogWindows: Failed to load 'VtuneApi32e.dll' (GetLastError=126)
LogWindows: File 'VtuneApi32e.dll' does not exist
LogConsoleResponse: Display: Failed to find resolution value strings in scalability ini. Falling back to default.
LogConsoleResponse: Display: Failed to find resolution value strings in scalability ini. Falling back to default.
LogInit: Display: Running engine for game: SparkGuard
LogPlatformFile: Not using cached read wrapper
LogTaskGraph: Started task graph with 5 named threads and 35 total threads with 3 sets of task threads.
LogStats: Stats thread started at 0.245633
LogICUInternationalization: ICU TimeZone Detection - Raw Offset: +8:00, Platform Override: ''
LogInit: Display: Loading text-based GConfig....
LogPluginManager: Mounting plugin MeshPainting
LogPluginManager: Mounting plugin XGEController
LogPluginManager: Mounting plugin Paper2D
LogPluginManager: Mounting plugin LiveLink
LogPluginManager: Mounting plugin EnvironmentQueryEditor
LogPluginManager: Mounting plugin AISupport
LogPluginManager: Mounting plugin LightPropagationVolume
LogPluginManager: Mounting plugin AssetManagerEditor
LogPluginManager: Mounting plugin DataValidation
LogPluginManager: Mounting plugin CurveEditorTools
LogPluginManager: Mounting plugin OodleData
LogPluginManager: Mounting plugin FacialAnimation
LogPluginManager: Mounting plugin OodleNetwork
LogPluginManager: Mounting plugin GameplayTagsEditor
LogPluginManager: Mounting plugin AlembicImporter
LogPluginManager: Mounting plugin AutomationUtils
LogPluginManager: Mounting plugin BackChannel
LogPluginManager: Mounting plugin ChaosClothEditor
LogPluginManager: Mounting plugin ChaosCloth
LogPluginManager: Mounting plugin ChaosSolverPlugin
LogPluginManager: Mounting plugin ChaosNiagara
LogPluginManager: Mounting plugin ChaosEditor
LogPluginManager: Mounting plugin CharacterAI
LogPluginManager: Mounting plugin Niagara
LogPluginManager: Mounting plugin GeometryCache
LogPluginManager: Mounting plugin AnimationSharing
LogPluginManager: Mounting plugin GeometryCollectionPlugin
LogPluginManager: Mounting plugin CLionSourceCodeAccess
LogPluginManager: Mounting plugin GeometryProcessing
LogPluginManager: Mounting plugin CodeLiteSourceCodeAccess
LogPluginManager: Mounting plugin GitSourceControl
LogPluginManager: Mounting plugin NullSourceCodeAccess
LogPluginManager: Mounting plugin KDevelopSourceCodeAccess
LogPluginManager: Mounting plugin PerforceSourceControl
LogPluginManager: Mounting plugin PixWinPlugin
LogPluginManager: Mounting plugin PlasticSourceControl
LogPluginManager: Mounting plugin MotoSynth
LogPluginManager: Mounting plugin OpenImageDenoise
LogPluginManager: Mounting plugin PluginUtils
LogPluginManager: Mounting plugin PropertyAccessNode
LogPluginManager: Mounting plugin RiderSourceCodeAccess
LogPluginManager: Mounting plugin SubversionSourceControl
LogPluginManager: Mounting plugin TextureFormatOodle
LogPluginManager: Mounting plugin PlanarCut
LogPluginManager: Mounting plugin ProxyLODPlugin
LogPluginManager: Mounting plugin PlatformCrypto
LogPluginManager: Mounting plugin PythonScriptPlugin
LogPluginManager: Mounting plugin UObjectPlugin
LogPluginManager: Mounting plugin SkeletalReduction
LogPluginManager: Mounting plugin VisualStudioCodeSourceCodeAccess
LogPluginManager: Mounting plugin XCodeSourceCodeAccess
LogPluginManager: Mounting plugin VisualStudioSourceCodeAccess
LogPluginManager: Mounting plugin AndroidMedia
LogPluginManager: Mounting plugin AvfMedia
LogPluginManager: Mounting plugin ImgMedia
LogPluginManager: Mounting plugin MediaCompositing
LogPluginManager: Mounting plugin WebMMedia
LogPluginManager: Mounting plugin MediaPlayerEditor
LogPluginManager: Mounting plugin WmfMedia
LogPluginManager: Mounting plugin LuminPlatformFeatures
LogPluginManager: Mounting plugin MagicLeap
LogPluginManager: Mounting plugin MagicLeapLightEstimation
LogPluginManager: Mounting plugin MagicLeapMedia
LogPluginManager: Mounting plugin MagicLeapPassableWorld
LogPluginManager: Mounting plugin MLSDK
LogPluginManager: Mounting plugin ActorSequence
LogPluginManager: Mounting plugin LevelSequenceEditor
LogPluginManager: Mounting plugin MatineeToLevelSequence
LogPluginManager: Mounting plugin TemplateSequence
LogPluginManager: Mounting plugin TcpMessaging
LogPluginManager: Mounting plugin UdpMessaging
LogPluginManager: Mounting plugin OnlineSubsystem
LogPluginManager: Mounting plugin OnlineSubsystemNull
LogPluginManager: Mounting plugin LauncherChunkInstaller
LogPluginManager: Mounting plugin OnlineSubsystemUtils
LogPluginManager: Mounting plugin ActorLayerUtilities
LogPluginManager: Mounting plugin AndroidDeviceProfileSelector
LogPluginManager: Mounting plugin AndroidMoviePlayer
LogPluginManager: Mounting plugin AndroidPermission
LogPluginManager: Mounting plugin AppleImageUtils
LogPluginManager: Mounting plugin AssetTags
LogPluginManager: Mounting plugin AppleMoviePlayer
LogPluginManager: Mounting plugin ArchVisCharacter
LogPluginManager: Mounting plugin AudioCapture
LogPluginManager: Mounting plugin AudioSynesthesia
LogPluginManager: Mounting plugin CableComponent
LogPluginManager: Mounting plugin ChunkDownloader
LogPluginManager: Mounting plugin CustomMeshComponent
LogPluginManager: Mounting plugin EditableMesh
LogPluginManager: Mounting plugin ExampleDeviceProfileSelector
LogPluginManager: Mounting plugin GooglePAD
LogPluginManager: Mounting plugin GoogleCloudMessaging
LogPluginManager: Mounting plugin IOSDeviceProfileSelector
LogPluginManager: Mounting plugin LinuxDeviceProfileSelector
LogPluginManager: Mounting plugin LocationServicesBPLibrary
LogPluginManager: Mounting plugin MobilePatchingUtils
LogPluginManager: Mounting plugin OpenXR
LogPluginManager: Mounting plugin OpenXREyeTracker
LogPluginManager: Mounting plugin OpenXRHandTracking
LogPluginManager: Mounting plugin PhysXVehicles
LogPluginManager: Mounting plugin PostSplashScreen
LogPluginManager: Mounting plugin ProceduralMeshComponent
LogPluginManager: Mounting plugin PropertyAccessEditor
LogPluginManager: Mounting plugin RuntimePhysXCooking
LogPluginManager: Mounting plugin SignificanceManager
LogPluginManager: Mounting plugin SoundFields
LogPluginManager: Mounting plugin Synthesis
LogPluginManager: Mounting plugin WebMMoviePlayer
LogPluginManager: Mounting plugin WindowsMoviePlayer
LogPluginManager: Mounting plugin Takes
LogPluginManager: Mounting plugin ScreenshotTools
LogPluginManager: Mounting plugin DatasmithContent
LogPluginManager: Mounting plugin GeometryMode
LogPluginManager: Mounting plugin VariantManagerContent
LogPluginManager: Mounting plugin MacGraphicsSwitching
LogPluginManager: Mounting plugin MaterialAnalyzer
LogPluginManager: Mounting plugin MobileLauncherProfileWizard
LogPluginManager: Mounting plugin SpeedTreeImporter
LogPluginManager: Mounting plugin PluginBrowser
LogPluginManager: Mounting plugin CameraShakePreviewer
LogPluginManager: Mounting plugin GameplayCameras
LogPluginManager: Mounting plugin CryptoKeys
LogPluginManager: Mounting plugin ContentBrowserAssetDataSource
LogPluginManager: Mounting plugin ContentBrowserClassDataSource
LogPluginManager: Mounting plugin ContentBrowserFileDataSource
LogPluginManager: Mounting plugin OnlineSubsystemGooglePlay
LogPluginManager: Mounting plugin OnlineSubsystemIOS
LogPluginManager: Mounting plugin OculusVR
LogPluginManager: Mounting plugin SteamVR
PixWinPlugin: PIX capture plugin failed to initialize! Check that the process is launched from PIX.
LogLuminAPIImpl: Warning: MLSDK not found.  This likely means the MLSDK environment variable is not set.
LogInit: Using libcurl 7.55.1-DEV
LogInit:  - built for x86_64-pc-win32
LogInit:  - supports SSL with OpenSSL/1.1.1
LogInit:  - supports HTTP deflate (compression) using libz 1.2.8
LogInit:  - other features:
LogInit:      CURL_VERSION_SSL
LogInit:      CURL_VERSION_LIBZ
LogInit:      CURL_VERSION_IPV6
LogInit:      CURL_VERSION_ASYNCHDNS
LogInit:      CURL_VERSION_LARGEFILE
LogInit:      CURL_VERSION_IDN
LogInit:  CurlRequestOptions (configurable via config and command line):
LogInit:  - bVerifyPeer = true  - Libcurl will verify peer certificate
LogInit:  - bUseHttpProxy = false  - Libcurl will NOT use HTTP proxy
LogInit:  - bDontReuseConnections = false  - Libcurl will reuse connections
LogInit:  - MaxHostConnections = 16  - Libcurl will limit the number of connections to a host
LogInit:  - LocalHostAddr = Default
LogInit:  - BufferSize = 65536
LogOnline: OSS: Creating online subsystem instance for: NULL
LogInit: WinSock: version 1.1 (2.2), MaxSocks=32767, MaxUdp=65467
LogOnline: OSS: TryLoadSubsystemAndSetDefault: Loaded subsystem for module [NULL]
LogOculusPluginWrapper: OculusPlugin initialized successfully
LogHMD: Failed initializing OVRPlugin 1.59.0
LogInit: Build: ++UE4+Release-4.27-CL-18319896
LogInit: Engine Version: 4.27.2-18319896+++UE4+Release-4.27
LogInit: Compatible Engine Version: 4.27.0-17155196+++UE4+Release-4.27
LogInit: Net CL: 17155196
LogInit: OS: Windows 10 (Release 2009) (), CPU: 11th Gen Intel(R) Core(TM) i5-11400H @ 2.70GHz, GPU: Intel(R) UHD Graphics
LogInit: Compiled (64-bit): Nov 30 2021 07:12:08
LogInit: Compiled with Visual C++: 19.24.28315.00
LogInit: Build Configuration: Development
LogInit: Branch Name: ++UE4+Release-4.27
LogInit: Command Line:  -AUTH_LOGIN=unused -AUTH_PASSWORD=77612b9506fa4be1afa53378e7d81730 -AUTH_TYPE=exchangecode -epicapp=UE_4.27 -epicenv=Prod -EpicPortal -epicusername=xionghaizi123 -epicuserid=2f6b6f030354481791b70c1a78dce74a -epiclocale=zh-Hans -epicsandboxid=ue
LogInit: Base Directory: F:/Epic/Epic Games/UE_4.27/Engine/Binaries/Win64/
LogInit: Allocator: TBB
LogInit: Installed Engine Build: 1
LogDevObjectVersion: Number of dev versions registered: 29
LogDevObjectVersion:   Dev-Blueprints (B0D832E4-1F89-4F0D-ACCF-7EB736FD4AA2): 10
LogDevObjectVersion:   Dev-Build (E1C64328-A22C-4D53-A36C-8E866417BD8C): 0
LogDevObjectVersion:   Dev-Core (375EC13C-06E4-48FB-B500-84F0262A717E): 4
LogDevObjectVersion:   Dev-Editor (E4B068ED-F494-42E9-A231-DA0B2E46BB41): 40
LogDevObjectVersion:   Dev-Framework (CFFC743F-43B0-4480-9391-14DF171D2073): 37
LogDevObjectVersion:   Dev-Mobile (B02B49B5-BB20-44E9-A304-32B752E40360): 3
LogDevObjectVersion:   Dev-Networking (A4E4105C-59A1-49B5-A7C5-40C4547EDFEE): 0
LogDevObjectVersion:   Dev-Online (39C831C9-5AE6-47DC-9A44-9C173E1C8E7C): 0
LogDevObjectVersion:   Dev-Physics (78F01B33-EBEA-4F98-B9B4-84EACCB95AA2): 14
LogDevObjectVersion:   Dev-Platform (6631380F-2D4D-43E0-8009-CF276956A95A): 0
LogDevObjectVersion:   Dev-Rendering (12F88B9F-8875-4AFC-A67C-D90C383ABD29): 45
LogDevObjectVersion:   Dev-Sequencer (7B5AE74C-D270-4C10-A958-57980B212A5A): 13
LogDevObjectVersion:   Dev-VR (D7296918-1DD6-4BDD-9DE2-64A83CC13884): 3
LogDevObjectVersion:   Dev-LoadTimes (C2A15278-BFE7-4AFE-6C17-90FF531DF755): 1
LogDevObjectVersion:   Private-Geometry (6EACA3D4-40EC-4CC1-B786-8BED09428FC5): 3
LogDevObjectVersion:   Dev-AnimPhys (29E575DD-E0A3-4627-9D10-D276232CDCEA): 17
LogDevObjectVersion:   Dev-Anim (AF43A65D-7FD3-4947-9873-3E8ED9C1BB05): 15
LogDevObjectVersion:   Dev-ReflectionCapture (6B266CEC-1EC7-4B8F-A30B-E4D90942FC07): 1
LogDevObjectVersion:   Dev-Automation (0DF73D61-A23F-47EA-B727-89E90C41499A): 1
LogDevObjectVersion:   FortniteMain (601D1886-AC64-4F84-AA16-D3DE0DEAC7D6): 47
LogDevObjectVersion:   FortniteRelease (E7086368-6B23-4C58-8439-1B7016265E91): 1
LogDevObjectVersion:   Dev-Enterprise (9DFFBCD6-494F-0158-E221-12823C92A888): 10
LogDevObjectVersion:   Dev-Niagara (F2AED0AC-9AFE-416F-8664-AA7FFA26D6FC): 1
LogDevObjectVersion:   Dev-Destruction (174F1F0B-B4C6-45A5-B13F-2EE8D0FB917D): 10
LogDevObjectVersion:   Dev-Physics-Ext (35F94A83-E258-406C-A318-09F59610247C): 41
LogDevObjectVersion:   Dev-PhysicsMaterial-Chaos (B68FC16E-8B1B-42E2-B453-215C058844FE): 1
LogDevObjectVersion:   Dev-CineCamera (B2E18506-4273-CFC2-A54E-F4BB758BBA07): 1
LogDevObjectVersion:   Dev-VirtualProduction (64F58936-FD1B-42BA-BA96-7289D5D0FA4E): 1
LogDevObjectVersion:   Dev-MediaFramework (6F0ED827-A609-4895-9C91-998D90180EA4): 2
LogInit: Presizing for max 25165824 objects, including 0 objects not considered by GC, pre-allocating 0 bytes for permanent pool.
LogConfig: Applying CVar settings from Section [/Script/Engine.StreamingSettings] File [F:/Spark_Guard/SparkGuard/Saved/Config/Windows/Engine.ini]
LogConfig: Setting CVar [[s.MinBulkDataSizeForAsyncLoading:131072]]
LogConfig: Setting CVar [[s.AsyncLoadingThreadEnabled:0]]
LogConfig: Setting CVar [[s.EventDrivenLoaderEnabled:1]]
LogConfig: Setting CVar [[s.WarnIfTimeLimitExceeded:0]]
LogConfig: Setting CVar [[s.TimeLimitExceededMultiplier:1.5]]
LogConfig: Setting CVar [[s.TimeLimitExceededMinTime:0.005]]
LogConfig: Setting CVar [[s.UseBackgroundLevelStreaming:1]]
LogConfig: Setting CVar [[s.PriorityAsyncLoadingExtraTime:15.0]]
LogConfig: Setting CVar [[s.LevelStreamingActorsUpdateTimeLimit:5.0]]
LogConfig: Setting CVar [[s.PriorityLevelStreamingActorsUpdateExtraTime:5.0]]
LogConfig: Setting CVar [[s.LevelStreamingComponentsRegistrationGranularity:10]]
LogConfig: Setting CVar [[s.UnregisterComponentsTimeLimit:1.0]]
LogConfig: Setting CVar [[s.LevelStreamingComponentsUnregistrationGranularity:5]]
LogConfig: Setting CVar [[s.FlushStreamingOnExit:1]]
LogInit: Object subsystem initialized
LogConfig: Setting CVar [[con.DebugEarlyDefault:1]]
LogConfig: Setting CVar [[r.setres:1280x720]]
[2025.12.03-14.03.35:964][  0]LogConfig: Setting CVar [[r.VSync:0]]
[2025.12.03-14.03.35:964][  0]LogConfig: Setting CVar [[r.RHICmdBypass:0]]
[2025.12.03-14.03.35:964][  0]LogConfig: Applying CVar settings from Section [/Script/Engine.RendererSettings] File [F:/Spark_Guard/SparkGuard/Saved/Config/Windows/Engine.ini]
[2025.12.03-14.03.35:964][  0]LogConfig: Setting CVar [[r.GPUCrashDebugging:0]]
[2025.12.03-14.03.35:964][  0]LogConfig: Applying CVar settings from Section [/Script/Engine.RendererOverrideSettings] File [F:/Spark_Guard/SparkGuard/Saved/Config/Windows/Engine.ini]
[2025.12.03-14.03.35:964][  0]LogConfig: Applying CVar settings from Section [/Script/Engine.StreamingSettings] File [F:/Spark_Guard/SparkGuard/Saved/Config/Windows/Engine.ini]
[2025.12.03-14.03.35:964][  0]LogConfig: Setting CVar [[s.MinBulkDataSizeForAsyncLoading:131072]]
[2025.12.03-14.03.35:964][  0]LogConfig: Setting CVar [[s.AsyncLoadingThreadEnabled:0]]
[2025.12.03-14.03.35:964][  0]LogConfig: Setting CVar [[s.EventDrivenLoaderEnabled:1]]
[2025.12.03-14.03.35:964][  0]LogConfig: Setting CVar [[s.WarnIfTimeLimitExceeded:0]]
[2025.12.03-14.03.35:964][  0]LogConfig: Setting CVar [[s.TimeLimitExceededMultiplier:1.5]]
[2025.12.03-14.03.35:964][  0]LogConfig: Setting CVar [[s.TimeLimitExceededMinTime:0.005]]
[2025.12.03-14.03.35:964][  0]LogConfig: Setting CVar [[s.UseBackgroundLevelStreaming:1]]
[2025.12.03-14.03.35:964][  0]LogConfig: Setting CVar [[s.PriorityAsyncLoadingExtraTime:15.0]]
[2025.12.03-14.03.35:964][  0]LogConfig: Setting CVar [[s.LevelStreamingActorsUpdateTimeLimit:5.0]]
[2025.12.03-14.03.35:964][  0]LogConfig: Setting CVar [[s.PriorityLevelStreamingActorsUpdateExtraTime:5.0]]
[2025.12.03-14.03.35:964][  0]LogConfig: Setting CVar [[s.LevelStreamingComponentsRegistrationGranularity:10]]
[2025.12.03-14.03.35:964][  0]LogConfig: Setting CVar [[s.UnregisterComponentsTimeLimit:1.0]]
[2025.12.03-14.03.35:964][  0]LogConfig: Setting CVar [[s.LevelStreamingComponentsUnregistrationGranularity:5]]
[2025.12.03-14.03.35:964][  0]LogConfig: Setting CVar [[s.FlushStreamingOnExit:1]]
[2025.12.03-14.03.35:964][  0]LogConfig: Applying CVar settings from Section [/Script/Engine.GarbageCollectionSettings] File [F:/Spark_Guard/SparkGuard/Saved/Config/Windows/Engine.ini]
[2025.12.03-14.03.35:964][  0]LogConfig: Setting CVar [[gc.MaxObjectsNotConsideredByGC:1]]
[2025.12.03-14.03.35:964][  0]LogConfig: Setting CVar [[gc.SizeOfPermanentObjectPool:0]]
[2025.12.03-14.03.35:964][  0]LogConfig: Setting CVar [[gc.FlushStreamingOnGC:0]]
[2025.12.03-14.03.35:964][  0]LogConfig: Setting CVar [[gc.NumRetriesBeforeForcingGC:10]]
[2025.12.03-14.03.35:964][  0]LogConfig: Setting CVar [[gc.AllowParallelGC:1]]
[2025.12.03-14.03.35:964][  0]LogConfig: Setting CVar [[gc.TimeBetweenPurgingPendingKillObjects:61.1]]
[2025.12.03-14.03.35:964][  0]LogConfig: Setting CVar [[gc.MaxObjectsInEditor:25165824]]
[2025.12.03-14.03.35:964][  0]LogConfig: Setting CVar [[gc.IncrementalBeginDestroyEnabled:1]]
[2025.12.03-14.03.35:964][  0]LogConfig: Setting CVar [[gc.CreateGCClusters:1]]
[2025.12.03-14.03.35:964][  0]LogConfig: Setting CVar [[gc.MinGCClusterSize:5]]
[2025.12.03-14.03.35:964][  0]LogConfig: Setting CVar [[gc.ActorClusteringEnabled:0]]
[2025.12.03-14.03.35:964][  0]LogConfig: Setting CVar [[gc.BlueprintClusteringEnabled:0]]
[2025.12.03-14.03.35:964][  0]LogConfig: Setting CVar [[gc.UseDisregardForGCOnDedicatedServers:0]]
[2025.12.03-14.03.35:964][  0]LogConfig: Setting CVar [[gc.MultithreadedDestructionEnabled:1]]
[2025.12.03-14.03.35:964][  0]LogConfig: Applying CVar settings from Section [/Script/Engine.NetworkSettings] File [F:/Spark_Guard/SparkGuard/Saved/Config/Windows/Engine.ini]
[2025.12.03-14.03.35:964][  0]LogConfig: Applying CVar settings from Section [/Script/UnrealEd.CookerSettings] File [F:/Spark_Guard/SparkGuard/Saved/Config/Windows/Engine.ini]
[2025.12.03-14.03.35:973][  0]LogConfig: Applying CVar settings from Section [ViewDistanceQuality@3] File [F:/Spark_Guard/SparkGuard/Saved/Config/Windows/Scalability.ini]
[2025.12.03-14.03.35:973][  0]LogConfig: Setting CVar [[r.SkeletalMeshLODBias:0]]
[2025.12.03-14.03.35:973][  0]LogConfig: Setting CVar [[r.ViewDistanceScale:1.0]]
[2025.12.03-14.03.35:973][  0]LogConfig: Applying CVar settings from Section [AntiAliasingQuality@3] File [F:/Spark_Guard/SparkGuard/Saved/Config/Windows/Scalability.ini]
[2025.12.03-14.03.35:973][  0]LogConfig: Setting CVar [[r.PostProcessAAQuality:4]]
[2025.12.03-14.03.35:973][  0]LogConfig: Applying CVar settings from Section [ShadowQuality@3] File [F:/Spark_Guard/SparkGuard/Saved/Config/Windows/Scalability.ini]
[2025.12.03-14.03.35:973][  0]LogConfig: Setting CVar [[r.LightFunctionQuality:1]]
[2025.12.03-14.03.35:973][  0]LogConfig: Setting CVar [[r.ShadowQuality:5]]
[2025.12.03-14.03.35:973][  0]LogConfig: Setting CVar [[r.Shadow.CSM.MaxCascades:10]]
[2025.12.03-14.03.35:973][  0]LogConfig: Setting CVar [[r.Shadow.MaxResolution:2048]]
[2025.12.03-14.03.35:973][  0]LogConfig: Setting CVar [[r.Shadow.MaxCSMResolution:2048]]
[2025.12.03-14.03.35:973][  0]LogConfig: Setting CVar [[r.Shadow.RadiusThreshold:0.01]]
[2025.12.03-14.03.35:973][  0]LogConfig: Setting CVar [[r.Shadow.DistanceScale:1.0]]
[2025.12.03-14.03.35:973][  0]LogConfig: Setting CVar [[r.Shadow.CSM.TransitionScale:1.0]]
[2025.12.03-14.03.35:973][  0]LogConfig: Setting CVar [[r.Shadow.PreShadowResolutionFactor:1.0]]
[2025.12.03-14.03.35:973][  0]LogConfig: Setting CVar [[r.DistanceFieldShadowing:1]]
[2025.12.03-14.03.35:973][  0]LogConfig: Setting CVar [[r.DistanceFieldAO:1]]
[2025.12.03-14.03.35:973][  0]LogConfig: Setting CVar [[r.AOQuality:2]]
[2025.12.03-14.03.35:973][  0]LogConfig: Setting CVar [[r.VolumetricFog:1]]
[2025.12.03-14.03.35:973][  0]LogConfig: Setting CVar [[r.VolumetricFog.GridPixelSize:8]]
[2025.12.03-14.03.35:973][  0]LogConfig: Setting CVar [[r.VolumetricFog.GridSizeZ:128]]
[2025.12.03-14.03.35:973][  0]LogConfig: Setting CVar [[r.VolumetricFog.HistoryMissSupersampleCount:4]]
[2025.12.03-14.03.35:973][  0]LogConfig: Setting CVar [[r.LightMaxDrawDistanceScale:1]]
[2025.12.03-14.03.35:973][  0]LogConfig: Setting CVar [[r.CapsuleShadows:1]]
[2025.12.03-14.03.35:973][  0]LogConfig: Applying CVar settings from Section [PostProcessQuality@3] File [F:/Spark_Guard/SparkGuard/Saved/Config/Windows/Scalability.ini]
[2025.12.03-14.03.35:973][  0]LogConfig: Setting CVar [[r.MotionBlurQuality:4]]
[2025.12.03-14.03.35:973][  0]LogConfig: Setting CVar [[r.AmbientOcclusionMipLevelFactor:0.4]]
[2025.12.03-14.03.35:973][  0]LogConfig: Setting CVar [[r.AmbientOcclusionMaxQuality:100]]
[2025.12.03-14.03.35:973][  0]LogConfig: Setting CVar [[r.AmbientOcclusionLevels:-1]]
[2025.12.03-14.03.35:973][  0]LogConfig: Setting CVar [[r.AmbientOcclusionRadiusScale:1.0]]
[2025.12.03-14.03.35:973][  0]LogConfig: Setting CVar [[r.DepthOfFieldQuality:2]]
[2025.12.03-14.03.35:973][  0]LogConfig: Setting CVar [[r.RenderTargetPoolMin:400]]
[2025.12.03-14.03.35:973][  0]LogConfig: Setting CVar [[r.LensFlareQuality:2]]
[2025.12.03-14.03.35:973][  0]LogConfig: Setting CVar [[r.SceneColorFringeQuality:1]]
[2025.12.03-14.03.35:974][  0]LogConfig: Setting CVar [[r.EyeAdaptationQuality:2]]
[2025.12.03-14.03.35:974][  0]LogConfig: Setting CVar [[r.BloomQuality:5]]
[2025.12.03-14.03.35:974][  0]LogConfig: Setting CVar [[r.FastBlurThreshold:100]]
[2025.12.03-14.03.35:974][  0]LogConfig: Setting CVar [[r.Upscale.Quality:3]]
[2025.12.03-14.03.35:974][  0]LogConfig: Setting CVar [[r.Tonemapper.GrainQuantization:1]]
[2025.12.03-14.03.35:974][  0]LogConfig: Setting CVar [[r.LightShaftQuality:1]]
[2025.12.03-14.03.35:974][  0]LogConfig: Setting CVar [[r.Filter.SizeScale:1]]
[2025.12.03-14.03.35:974][  0]LogConfig: Setting CVar [[r.Tonemapper.Quality:5]]
[2025.12.03-14.03.35:974][  0]LogConfig: Setting CVar [[r.DOF.Gather.AccumulatorQuality:1        ; higher gathering accumulator quality]]
[2025.12.03-14.03.35:974][  0]LogConfig: Setting CVar [[r.DOF.Gather.PostfilterMethod:1          ; Median3x3 postfilering method]]
[2025.12.03-14.03.35:974][  0]LogConfig: Setting CVar [[r.DOF.Gather.EnableBokehSettings:0       ; no bokeh simulation when gathering]]
[2025.12.03-14.03.35:974][  0]LogConfig: Setting CVar [[r.DOF.Gather.RingCount:4                 ; medium number of samples when gathering]]
[2025.12.03-14.03.35:974][  0]LogConfig: Setting CVar [[r.DOF.Scatter.ForegroundCompositing:1    ; additive foreground scattering]]
[2025.12.03-14.03.35:974][  0]LogConfig: Setting CVar [[r.DOF.Scatter.BackgroundCompositing:2    ; additive background scattering]]
[2025.12.03-14.03.35:974][  0]LogConfig: Setting CVar [[r.DOF.Scatter.EnableBokehSettings:1      ; bokeh simulation when scattering]]
[2025.12.03-14.03.35:974][  0]LogConfig: Setting CVar [[r.DOF.Scatter.MaxSpriteRatio:0.1         ; only a maximum of 10% of scattered bokeh]]
[2025.12.03-14.03.35:974][  0]LogConfig: Setting CVar [[r.DOF.Recombine.Quality:1                ; cheap slight out of focus]]
[2025.12.03-14.03.35:974][  0]LogConfig: Setting CVar [[r.DOF.Recombine.EnableBokehSettings:0    ; no bokeh simulation on slight out of focus]]
[2025.12.03-14.03.35:974][  0]LogConfig: Setting CVar [[r.DOF.TemporalAAQuality:1                ; more stable temporal accumulation]]
[2025.12.03-14.03.35:974][  0]LogConfig: Setting CVar [[r.DOF.Kernel.MaxForegroundRadius:0.025]]
[2025.12.03-14.03.35:974][  0]LogConfig: Setting CVar [[r.DOF.Kernel.MaxBackgroundRadius:0.025]]
[2025.12.03-14.03.35:974][  0]LogConfig: Applying CVar settings from Section [TextureQuality@3] File [F:/Spark_Guard/SparkGuard/Saved/Config/Windows/Scalability.ini]
[2025.12.03-14.03.35:974][  0]LogConfig: Setting CVar [[r.Streaming.MipBias:0]]
[2025.12.03-14.03.35:974][  0]LogConfig: Setting CVar [[r.Streaming.AmortizeCPUToGPUCopy:0]]
[2025.12.03-14.03.35:974][  0]LogConfig: Setting CVar [[r.Streaming.MaxNumTexturesToStreamPerFrame:0]]
[2025.12.03-14.03.35:974][  0]LogConfig: Setting CVar [[r.Streaming.Boost:1]]
[2025.12.03-14.03.35:974][  0]LogConfig: Setting CVar [[r.MaxAnisotropy:8]]
[2025.12.03-14.03.35:974][  0]LogConfig: Setting CVar [[r.VT.MaxAnisotropy:8]]
[2025.12.03-14.03.35:974][  0]LogConfig: Setting CVar [[r.Streaming.LimitPoolSizeToVRAM:0]]
[2025.12.03-14.03.35:974][  0]LogConfig: Setting CVar [[r.Streaming.PoolSize:1000]]
[2025.12.03-14.03.35:974][  0]LogConfig: Setting CVar [[r.Streaming.MaxEffectiveScreenSize:0]]
[2025.12.03-14.03.35:974][  0]LogConfig: Applying CVar settings from Section [EffectsQuality@3] File [F:/Spark_Guard/SparkGuard/Saved/Config/Windows/Scalability.ini]
[2025.12.03-14.03.35:974][  0]LogConfig: Setting CVar [[r.TranslucencyLightingVolumeDim:64]]
[2025.12.03-14.03.35:974][  0]LogConfig: Setting CVar [[r.RefractionQuality:2]]
[2025.12.03-14.03.35:974][  0]LogConfig: Setting CVar [[r.SSR.Quality:3]]
[2025.12.03-14.03.35:974][  0]LogConfig: Setting CVar [[r.SSR.HalfResSceneColor:0]]
[2025.12.03-14.03.35:974][  0]LogConfig: Setting CVar [[r.SceneColorFormat:4]]
[2025.12.03-14.03.35:974][  0]LogConfig: Setting CVar [[r.DetailMode:2]]
[2025.12.03-14.03.35:974][  0]LogConfig: Setting CVar [[r.TranslucencyVolumeBlur:1]]
[2025.12.03-14.03.35:974][  0]LogConfig: Setting CVar [[r.MaterialQualityLevel:1 ; High quality]]
[2025.12.03-14.03.35:974][  0]LogConfig: Setting CVar [[r.AnisotropicMaterials:1]]
[2025.12.03-14.03.35:974][  0]LogConfig: Setting CVar [[r.SSS.Scale:1]]
[2025.12.03-14.03.35:974][  0]LogConfig: Setting CVar [[r.SSS.SampleSet:2]]
[2025.12.03-14.03.35:974][  0]LogConfig: Setting CVar [[r.SSS.Quality:1]]
[2025.12.03-14.03.35:974][  0]LogConfig: Setting CVar [[r.SSS.HalfRes:0]]
[2025.12.03-14.03.35:974][  0]LogConfig: Setting CVar [[r.SSGI.Quality:3]]
[2025.12.03-14.03.35:974][  0]LogConfig: Setting CVar [[r.EmitterSpawnRateScale:1.0]]
[2025.12.03-14.03.35:974][  0]LogConfig: Setting CVar [[r.ParticleLightQuality:2]]
[2025.12.03-14.03.35:974][  0]LogConfig: Setting CVar [[r.SkyAtmosphere.AerialPerspectiveLUT.FastApplyOnOpaque:1 ; Always have FastSkyLUT 1 in this case to avoid wrong sky]]
[2025.12.03-14.03.35:974][  0]LogConfig: Setting CVar [[r.SkyAtmosphere.AerialPerspectiveLUT.SampleCountMaxPerSlice:4]]
[2025.12.03-14.03.35:974][  0]LogConfig: Setting CVar [[r.SkyAtmosphere.AerialPerspectiveLUT.DepthResolution:16.0]]
[2025.12.03-14.03.35:974][  0]LogConfig: Setting CVar [[r.SkyAtmosphere.FastSkyLUT:1]]
[2025.12.03-14.03.35:974][  0]LogConfig: Setting CVar [[r.SkyAtmosphere.FastSkyLUT.SampleCountMin:4.0]]
[2025.12.03-14.03.35:974][  0]LogConfig: Setting CVar [[r.SkyAtmosphere.FastSkyLUT.SampleCountMax:128.0]]
[2025.12.03-14.03.35:974][  0]LogConfig: Setting CVar [[r.SkyAtmosphere.SampleCountMin:4.0]]
[2025.12.03-14.03.35:974][  0]LogConfig: Setting CVar [[r.SkyAtmosphere.SampleCountMax:128.0]]
[2025.12.03-14.03.35:974][  0]LogConfig: Setting CVar [[r.SkyAtmosphere.TransmittanceLUT.UseSmallFormat:0]]
[2025.12.03-14.03.35:974][  0]LogConfig: Setting CVar [[r.SkyAtmosphere.TransmittanceLUT.SampleCount:10.0]]
[2025.12.03-14.03.35:974][  0]LogConfig: Setting CVar [[r.SkyAtmosphere.MultiScatteringLUT.SampleCount:15.0]]
[2025.12.03-14.03.35:974][  0]LogConfig: Setting CVar [[r.SkyLight.RealTimeReflectionCapture:1]]
[2025.12.03-14.03.35:974][  0]LogConfig: Applying CVar settings from Section [FoliageQuality@3] File [F:/Spark_Guard/SparkGuard/Saved/Config/Windows/Scalability.ini]
[2025.12.03-14.03.35:974][  0]LogConfig: Setting CVar [[foliage.DensityScale:1.0]]
[2025.12.03-14.03.35:974][  0]LogConfig: Setting CVar [[grass.DensityScale:1.0]]
[2025.12.03-14.03.35:974][  0]LogConfig: Applying CVar settings from Section [ShadingQuality@3] File [F:/Spark_Guard/SparkGuard/Saved/Config/Windows/Scalability.ini]
[2025.12.03-14.03.35:974][  0]LogConfig: Setting CVar [[r.HairStrands.SkyLighting.IntegrationType:2]]
[2025.12.03-14.03.35:974][  0]LogConfig: Setting CVar [[r.HairStrands.SkyAO.SampleCount:4]]
[2025.12.03-14.03.35:974][  0]LogConfig: Setting CVar [[r.HairStrands.Visibility.MSAA.SamplePerPixel:4]]
[2025.12.03-14.03.35:974][  0]LogInit: Selected Device Profile: [Windows]
[2025.12.03-14.03.35:974][  0]LogInit: Applying CVar settings loaded from the selected device profile: [Windows]
[2025.12.03-14.03.35:974][  0]LogHAL: Display: Platform has ~ 16 GB [16800157696 / 17179869184 / 16], which maps to Larger [LargestMinGB=32, LargerMinGB=12, DefaultMinGB=8, SmallerMinGB=6, SmallestMinGB=0)
[2025.12.03-14.03.35:974][  0]LogInit: Going up to parent DeviceProfile []
[2025.12.03-14.03.35:974][  0]LogConfig: Applying CVar settings from Section [ViewDistanceQuality@3] File [F:/Spark_Guard/SparkGuard/Saved/Config/Windows/Scalability.ini]
[2025.12.03-14.03.35:974][  0]LogConfig: Setting CVar [[r.SkeletalMeshLODBias:0]]
[2025.12.03-14.03.35:974][  0]LogConfig: Setting CVar [[r.ViewDistanceScale:1.0]]
[2025.12.03-14.03.35:974][  0]LogConfig: Applying CVar settings from Section [AntiAliasingQuality@3] File [F:/Spark_Guard/SparkGuard/Saved/Config/Windows/Scalability.ini]
[2025.12.03-14.03.35:974][  0]LogConfig: Setting CVar [[r.PostProcessAAQuality:4]]
[2025.12.03-14.03.35:974][  0]LogConfig: Applying CVar settings from Section [ShadowQuality@3] File [F:/Spark_Guard/SparkGuard/Saved/Config/Windows/Scalability.ini]
[2025.12.03-14.03.35:974][  0]LogConfig: Setting CVar [[r.LightFunctionQuality:1]]
[2025.12.03-14.03.35:974][  0]LogConfig: Setting CVar [[r.ShadowQuality:5]]
[2025.12.03-14.03.35:974][  0]LogConfig: Setting CVar [[r.Shadow.CSM.MaxCascades:10]]
[2025.12.03-14.03.35:974][  0]LogConfig: Setting CVar [[r.Shadow.MaxResolution:2048]]
[2025.12.03-14.03.35:974][  0]LogConfig: Setting CVar [[r.Shadow.MaxCSMResolution:2048]]
[2025.12.03-14.03.35:974][  0]LogConfig: Setting CVar [[r.Shadow.RadiusThreshold:0.01]]
[2025.12.03-14.03.35:974][  0]LogConfig: Setting CVar [[r.Shadow.DistanceScale:1.0]]
[2025.12.03-14.03.35:974][  0]LogConfig: Setting CVar [[r.Shadow.CSM.TransitionScale:1.0]]
[2025.12.03-14.03.35:974][  0]LogConfig: Setting CVar [[r.Shadow.PreShadowResolutionFactor:1.0]]
[2025.12.03-14.03.35:974][  0]LogConfig: Setting CVar [[r.DistanceFieldShadowing:1]]
[2025.12.03-14.03.35:974][  0]LogConfig: Setting CVar [[r.DistanceFieldAO:1]]
[2025.12.03-14.03.35:974][  0]LogConfig: Setting CVar [[r.AOQuality:2]]
[2025.12.03-14.03.35:974][  0]LogConfig: Setting CVar [[r.VolumetricFog:1]]
[2025.12.03-14.03.35:974][  0]LogConfig: Setting CVar [[r.VolumetricFog.GridPixelSize:8]]
[2025.12.03-14.03.35:974][  0]LogConfig: Setting CVar [[r.VolumetricFog.GridSizeZ:128]]
[2025.12.03-14.03.35:974][  0]LogConfig: Setting CVar [[r.VolumetricFog.HistoryMissSupersampleCount:4]]
[2025.12.03-14.03.35:974][  0]LogConfig: Setting CVar [[r.LightMaxDrawDistanceScale:1]]
[2025.12.03-14.03.35:974][  0]LogConfig: Setting CVar [[r.CapsuleShadows:1]]
[2025.12.03-14.03.35:974][  0]LogConfig: Applying CVar settings from Section [PostProcessQuality@3] File [F:/Spark_Guard/SparkGuard/Saved/Config/Windows/Scalability.ini]
[2025.12.03-14.03.35:974][  0]LogConfig: Setting CVar [[r.MotionBlurQuality:4]]
[2025.12.03-14.03.35:974][  0]LogConfig: Setting CVar [[r.AmbientOcclusionMipLevelFactor:0.4]]
[2025.12.03-14.03.35:974][  0]LogConfig: Setting CVar [[r.AmbientOcclusionMaxQuality:100]]
[2025.12.03-14.03.35:974][  0]LogConfig: Setting CVar [[r.AmbientOcclusionLevels:-1]]
[2025.12.03-14.03.35:975][  0]LogConfig: Setting CVar [[r.AmbientOcclusionRadiusScale:1.0]]
[2025.12.03-14.03.35:975][  0]LogConfig: Setting CVar [[r.DepthOfFieldQuality:2]]
[2025.12.03-14.03.35:975][  0]LogConfig: Setting CVar [[r.RenderTargetPoolMin:400]]
[2025.12.03-14.03.35:975][  0]LogConfig: Setting CVar [[r.LensFlareQuality:2]]
[2025.12.03-14.03.35:975][  0]LogConfig: Setting CVar [[r.SceneColorFringeQuality:1]]
[2025.12.03-14.03.35:975][  0]LogConfig: Setting CVar [[r.EyeAdaptationQuality:2]]
[2025.12.03-14.03.35:975][  0]LogConfig: Setting CVar [[r.BloomQuality:5]]
[2025.12.03-14.03.35:975][  0]LogConfig: Setting CVar [[r.FastBlurThreshold:100]]
[2025.12.03-14.03.35:975][  0]LogConfig: Setting CVar [[r.Upscale.Quality:3]]
[2025.12.03-14.03.35:975][  0]LogConfig: Setting CVar [[r.Tonemapper.GrainQuantization:1]]
[2025.12.03-14.03.35:975][  0]LogConfig: Setting CVar [[r.LightShaftQuality:1]]
[2025.12.03-14.03.35:975][  0]LogConfig: Setting CVar [[r.Filter.SizeScale:1]]
[2025.12.03-14.03.35:975][  0]LogConfig: Setting CVar [[r.Tonemapper.Quality:5]]
[2025.12.03-14.03.35:975][  0]LogConfig: Setting CVar [[r.DOF.Gather.AccumulatorQuality:1        ; higher gathering accumulator quality]]
[2025.12.03-14.03.35:975][  0]LogConfig: Setting CVar [[r.DOF.Gather.PostfilterMethod:1          ; Median3x3 postfilering method]]
[2025.12.03-14.03.35:975][  0]LogConfig: Setting CVar [[r.DOF.Gather.EnableBokehSettings:0       ; no bokeh simulation when gathering]]
[2025.12.03-14.03.35:975][  0]LogConfig: Setting CVar [[r.DOF.Gather.RingCount:4                 ; medium number of samples when gathering]]
[2025.12.03-14.03.35:975][  0]LogConfig: Setting CVar [[r.DOF.Scatter.ForegroundCompositing:1    ; additive foreground scattering]]
[2025.12.03-14.03.35:975][  0]LogConfig: Setting CVar [[r.DOF.Scatter.BackgroundCompositing:2    ; additive background scattering]]
[2025.12.03-14.03.35:975][  0]LogConfig: Setting CVar [[r.DOF.Scatter.EnableBokehSettings:1      ; bokeh simulation when scattering]]
[2025.12.03-14.03.35:975][  0]LogConfig: Setting CVar [[r.DOF.Scatter.MaxSpriteRatio:0.1         ; only a maximum of 10% of scattered bokeh]]
[2025.12.03-14.03.35:975][  0]LogConfig: Setting CVar [[r.DOF.Recombine.Quality:1                ; cheap slight out of focus]]
[2025.12.03-14.03.35:975][  0]LogConfig: Setting CVar [[r.DOF.Recombine.EnableBokehSettings:0    ; no bokeh simulation on slight out of focus]]
[2025.12.03-14.03.35:975][  0]LogConfig: Setting CVar [[r.DOF.TemporalAAQuality:1                ; more stable temporal accumulation]]
[2025.12.03-14.03.35:975][  0]LogConfig: Setting CVar [[r.DOF.Kernel.MaxForegroundRadius:0.025]]
[2025.12.03-14.03.35:975][  0]LogConfig: Setting CVar [[r.DOF.Kernel.MaxBackgroundRadius:0.025]]
[2025.12.03-14.03.35:975][  0]LogConfig: Applying CVar settings from Section [TextureQuality@3] File [F:/Spark_Guard/SparkGuard/Saved/Config/Windows/Scalability.ini]
[2025.12.03-14.03.35:975][  0]LogConfig: Setting CVar [[r.Streaming.MipBias:0]]
[2025.12.03-14.03.35:975][  0]LogConfig: Setting CVar [[r.Streaming.AmortizeCPUToGPUCopy:0]]
[2025.12.03-14.03.35:975][  0]LogConfig: Setting CVar [[r.Streaming.MaxNumTexturesToStreamPerFrame:0]]
[2025.12.03-14.03.35:975][  0]LogConfig: Setting CVar [[r.Streaming.Boost:1]]
[2025.12.03-14.03.35:975][  0]LogConfig: Setting CVar [[r.MaxAnisotropy:8]]
[2025.12.03-14.03.35:975][  0]LogConfig: Setting CVar [[r.VT.MaxAnisotropy:8]]
[2025.12.03-14.03.35:975][  0]LogConfig: Setting CVar [[r.Streaming.LimitPoolSizeToVRAM:0]]
[2025.12.03-14.03.35:975][  0]LogConfig: Setting CVar [[r.Streaming.PoolSize:1000]]
[2025.12.03-14.03.35:975][  0]LogConfig: Setting CVar [[r.Streaming.MaxEffectiveScreenSize:0]]
[2025.12.03-14.03.35:975][  0]LogConfig: Applying CVar settings from Section [EffectsQuality@3] File [F:/Spark_Guard/SparkGuard/Saved/Config/Windows/Scalability.ini]
[2025.12.03-14.03.35:975][  0]LogConfig: Setting CVar [[r.TranslucencyLightingVolumeDim:64]]
[2025.12.03-14.03.35:975][  0]LogConfig: Setting CVar [[r.RefractionQuality:2]]
[2025.12.03-14.03.35:975][  0]LogConfig: Setting CVar [[r.SSR.Quality:3]]
[2025.12.03-14.03.35:975][  0]LogConfig: Setting CVar [[r.SSR.HalfResSceneColor:0]]
[2025.12.03-14.03.35:975][  0]LogConfig: Setting CVar [[r.SceneColorFormat:4]]
[2025.12.03-14.03.35:975][  0]LogConfig: Setting CVar [[r.DetailMode:2]]
[2025.12.03-14.03.35:975][  0]LogConfig: Setting CVar [[r.TranslucencyVolumeBlur:1]]
[2025.12.03-14.03.35:975][  0]LogConfig: Setting CVar [[r.MaterialQualityLevel:1 ; High quality]]
[2025.12.03-14.03.35:975][  0]LogConfig: Setting CVar [[r.AnisotropicMaterials:1]]
[2025.12.03-14.03.35:975][  0]LogConfig: Setting CVar [[r.SSS.Scale:1]]
[2025.12.03-14.03.35:975][  0]LogConfig: Setting CVar [[r.SSS.SampleSet:2]]
[2025.12.03-14.03.35:975][  0]LogConfig: Setting CVar [[r.SSS.Quality:1]]
[2025.12.03-14.03.35:975][  0]LogConfig: Setting CVar [[r.SSS.HalfRes:0]]
[2025.12.03-14.03.35:975][  0]LogConfig: Setting CVar [[r.SSGI.Quality:3]]
[2025.12.03-14.03.35:975][  0]LogConfig: Setting CVar [[r.EmitterSpawnRateScale:1.0]]
[2025.12.03-14.03.35:975][  0]LogConfig: Setting CVar [[r.ParticleLightQuality:2]]
[2025.12.03-14.03.35:975][  0]LogConfig: Setting CVar [[r.SkyAtmosphere.AerialPerspectiveLUT.FastApplyOnOpaque:1 ; Always have FastSkyLUT 1 in this case to avoid wrong sky]]
[2025.12.03-14.03.35:975][  0]LogConfig: Setting CVar [[r.SkyAtmosphere.AerialPerspectiveLUT.SampleCountMaxPerSlice:4]]
[2025.12.03-14.03.35:975][  0]LogConfig: Setting CVar [[r.SkyAtmosphere.AerialPerspectiveLUT.DepthResolution:16.0]]
[2025.12.03-14.03.35:975][  0]LogConfig: Setting CVar [[r.SkyAtmosphere.FastSkyLUT:1]]
[2025.12.03-14.03.35:975][  0]LogConfig: Setting CVar [[r.SkyAtmosphere.FastSkyLUT.SampleCountMin:4.0]]
[2025.12.03-14.03.35:975][  0]LogConfig: Setting CVar [[r.SkyAtmosphere.FastSkyLUT.SampleCountMax:128.0]]
[2025.12.03-14.03.35:975][  0]LogConfig: Setting CVar [[r.SkyAtmosphere.SampleCountMin:4.0]]
[2025.12.03-14.03.35:975][  0]LogConfig: Setting CVar [[r.SkyAtmosphere.SampleCountMax:128.0]]
[2025.12.03-14.03.35:975][  0]LogConfig: Setting CVar [[r.SkyAtmosphere.TransmittanceLUT.UseSmallFormat:0]]
[2025.12.03-14.03.35:975][  0]LogConfig: Setting CVar [[r.SkyAtmosphere.TransmittanceLUT.SampleCount:10.0]]
[2025.12.03-14.03.35:975][  0]LogConfig: Setting CVar [[r.SkyAtmosphere.MultiScatteringLUT.SampleCount:15.0]]
[2025.12.03-14.03.35:975][  0]LogConfig: Setting CVar [[r.SkyLight.RealTimeReflectionCapture:1]]
[2025.12.03-14.03.35:975][  0]LogConfig: Applying CVar settings from Section [FoliageQuality@3] File [F:/Spark_Guard/SparkGuard/Saved/Config/Windows/Scalability.ini]
[2025.12.03-14.03.35:975][  0]LogConfig: Setting CVar [[foliage.DensityScale:1.0]]
[2025.12.03-14.03.35:975][  0]LogConfig: Setting CVar [[grass.DensityScale:1.0]]
[2025.12.03-14.03.35:975][  0]LogConfig: Applying CVar settings from Section [ShadingQuality@3] File [F:/Spark_Guard/SparkGuard/Saved/Config/Windows/Scalability.ini]
[2025.12.03-14.03.35:975][  0]LogConfig: Setting CVar [[r.HairStrands.SkyLighting.IntegrationType:2]]
[2025.12.03-14.03.35:975][  0]LogConfig: Setting CVar [[r.HairStrands.SkyAO.SampleCount:4]]
[2025.12.03-14.03.35:975][  0]LogConfig: Setting CVar [[r.HairStrands.Visibility.MSAA.SamplePerPixel:4]]
[2025.12.03-14.03.35:975][  0]LogConfig: Applying CVar settings from Section [Startup] File [../../../Engine/Config/ConsoleVariables.ini]
[2025.12.03-14.03.35:975][  0]LogConfig: Setting CVar [[net.UseAdaptiveNetUpdateFrequency:0]]
[2025.12.03-14.03.35:975][  0]LogConfig: Setting CVar [[p.chaos.AllowCreatePhysxBodies:1]]
[2025.12.03-14.03.35:975][  0]LogConfig: Setting CVar [[fx.SkipVectorVMBackendOptimizations:1]]
[2025.12.03-14.03.35:975][  0]LogConfig: Applying CVar settings from Section [ConsoleVariables] File [F:/Spark_Guard/SparkGuard/Saved/Config/Windows/Engine.ini]
[2025.12.03-14.03.35:975][  0]LogConfig: Applying CVar settings from Section [ConsoleVariables] File [F:/Spark_Guard/SparkGuard/Saved/Config/Windows/Editor.ini]
[2025.12.03-14.03.35:976][  0]LogInit: Computer: LAPTOP-23H2KK00
[2025.12.03-14.03.35:976][  0]LogInit: User: HP
[2025.12.03-14.03.35:976][  0]LogInit: CPU Page size=4096, Cores=6
[2025.12.03-14.03.35:976][  0]LogInit: High frequency timer resolution =10.000000 MHz
[2025.12.03-14.03.35:976][  0]LogMemory: Memory total: Physical=15.6GB (16GB approx)
[2025.12.03-14.03.35:976][  0]LogMemory: Platform Memory Stats for Windows
[2025.12.03-14.03.35:976][  0]LogMemory: Process Physical Memory: 145.73 MB used, 145.74 MB peak
[2025.12.03-14.03.35:976][  0]LogMemory: Process Virtual Memory: 126.12 MB used, 126.12 MB peak
[2025.12.03-14.03.35:976][  0]LogMemory: Physical Memory: 9632.95 MB used,  6388.93 MB free, 16021.88 MB total
[2025.12.03-14.03.35:976][  0]LogMemory: Virtual Memory: 134202056.00 MB used,  15669.79 MB free, 134217728.00 MB total
[2025.12.03-14.03.35:981][  0]LogWindows: WindowsPlatformFeatures enabled
[2025.12.03-14.03.36:047][  0]LogInit: Physics initialised using underlying interface: PhysX
[2025.12.03-14.03.36:048][  0]LogInit: Using OS detected language (zh-CN).
[2025.12.03-14.03.36:048][  0]LogInit: Using OS detected locale (zh-CN).
[2025.12.03-14.03.36:053][  0]LogTextLocalizationManager: No specific localization for 'zh-CN' exists, so the 'zh-Hans' localization will be used.
[2025.12.03-14.03.36:164][  0]LogTextLocalizationResource: LocRes '../../../Engine/Content/Localization/Editor/zh/Editor.locres' could not be opened for reading!
[2025.12.03-14.03.36:164][  0]LogTextLocalizationResource: LocRes '../../../Engine/Content/Localization/EditorTutorials/zh/EditorTutorials.locres' could not be opened for reading!
[2025.12.03-14.03.36:164][  0]LogTextLocalizationResource: LocRes '../../../Engine/Content/Localization/Keywords/zh/Keywords.locres' could not be opened for reading!
[2025.12.03-14.03.36:164][  0]LogTextLocalizationResource: LocRes '../../../Engine/Content/Localization/Category/zh/Category.locres' could not be opened for reading!
[2025.12.03-14.03.36:164][  0]LogTextLocalizationResource: LocRes '../../../Engine/Content/Localization/ToolTips/zh/ToolTips.locres' could not be opened for reading!
[2025.12.03-14.03.36:164][  0]LogTextLocalizationResource: LocRes '../../../Engine/Content/Localization/Engine/zh/Engine.locres' could not be opened for reading!
[2025.12.03-14.03.36:164][  0]LogTextLocalizationResource: LocRes '../../../Engine/Plugins/Online/OnlineSubsystem/Content/Localization/OnlineSubsystem/zh/OnlineSubsystem.locres' could not be opened for reading!
[2025.12.03-14.03.36:164][  0]LogTextLocalizationResource: LocRes '../../../Engine/Plugins/Online/OnlineSubsystemUtils/Content/Localization/OnlineSubsystemUtils/zh/OnlineSubsystemUtils.locres' could not be opened for reading!
[2025.12.03-14.03.36:165][  0]LogTextLocalizationResource: LocRes '../../../Engine/Plugins/Online/Android/OnlineSubsystemGooglePlay/Content/Localization/OnlineSubsystemGooglePlay/zh/OnlineSubsystemGooglePlay.locres' could not be opened for reading!
[2025.12.03-14.03.36:165][  0]LogTextLocalizationResource: LocRes '../../../Engine/Plugins/Online/IOS/OnlineSubsystemIOS/Content/Localization/OnlineSubsystemIOS/zh/OnlineSubsystemIOS.locres' could not be opened for reading!
[2025.12.03-14.03.36:213][  0]LogInit: Setting process to per monitor DPI aware
[2025.12.03-14.03.36:228][  0]LogWindowsTextInputMethodSystem: Display: IME system deactivated.
[2025.12.03-14.03.36:250][  0]LogSlate: New Slate User Created.  User Index 0, Is Virtual User: 0
[2025.12.03-14.03.36:250][  0]LogSlate: Slate User Registered.  User Index 0, Is Virtual User: 0
[2025.12.03-14.03.36:392][  0]LogD3D11RHI: Loaded GFSDK_Aftermath_Lib.x64.dll
[2025.12.03-14.03.36:419][  0]LogHMD: Failed to initialize OpenVR with code 110
[2025.12.03-14.03.36:419][  0]LogD3D11RHI: D3D11 min allowed feature level: 11_0
[2025.12.03-14.03.36:419][  0]LogD3D11RHI: D3D11 max allowed feature level: 11_0
[2025.12.03-14.03.36:419][  0]LogD3D11RHI: D3D11 adapters:
[2025.12.03-14.03.36:664][  0]LogD3D11RHI:    0. 'NVIDIA GeForce RTX 3050 Ti Laptop GPU' (Feature Level 11_0)
[2025.12.03-14.03.36:664][  0]LogD3D11RHI:       3962/0/8010 MB DedicatedVideo/DedicatedSystem/SharedSystem, Outputs:1, VendorId:0x10de
[2025.12.03-14.03.36:761][  0]LogD3D11RHI:    1. 'Intel(R) UHD Graphics' (Feature Level 11_0)
[2025.12.03-14.03.36:761][  0]LogD3D11RHI:       128/0/8010 MB DedicatedVideo/DedicatedSystem/SharedSystem, Outputs:0, VendorId:0x8086
[2025.12.03-14.03.36:764][  0]LogD3D11RHI:    2. 'Microsoft Basic Render Driver' (Feature Level 11_0)
[2025.12.03-14.03.36:764][  0]LogD3D11RHI:       0/0/8010 MB DedicatedVideo/DedicatedSystem/SharedSystem, Outputs:0, VendorId:0x1414
[2025.12.03-14.03.36:823][  0]LogD3D11RHI:    3. 'Intel(R) UHD Graphics' (Feature Level 11_0)
[2025.12.03-14.03.36:823][  0]LogD3D11RHI:       128/0/8010 MB DedicatedVideo/DedicatedSystem/SharedSystem, Outputs:0, VendorId:0x8086
[2025.12.03-14.03.36:823][  0]LogD3D11RHI: Chosen D3D11 Adapter:
[2025.12.03-14.03.36:823][  0]LogD3D11RHI:     Description : NVIDIA GeForce RTX 3050 Ti Laptop GPU
[2025.12.03-14.03.36:823][  0]LogD3D11RHI:     VendorId    : 10de
[2025.12.03-14.03.36:823][  0]LogD3D11RHI:     DeviceId    : 25a0
[2025.12.03-14.03.36:823][  0]LogD3D11RHI:     SubSysId    : 88f5103c
[2025.12.03-14.03.36:823][  0]LogD3D11RHI:     Revision    : 00a1
[2025.12.03-14.03.36:823][  0]LogD3D11RHI:     DedicatedVideoMemory : 4154458112 bytes
[2025.12.03-14.03.36:823][  0]LogD3D11RHI:     DedicatedSystemMemory : 0 bytes
[2025.12.03-14.03.36:823][  0]LogD3D11RHI:     SharedSystemMemory : 8400078848 bytes
[2025.12.03-14.03.36:823][  0]LogD3D11RHI:     AdapterLuid : 0 73494
[2025.12.03-14.03.36:830][  0]LogD3D11RHI: Creating new Direct3DDevice
[2025.12.03-14.03.36:830][  0]LogD3D11RHI:     GPU DeviceId: 0x25a0 (for the marketing name, search the web for "GPU Device Id")
[2025.12.03-14.03.36:830][  0]LogWindows: EnumDisplayDevices:
[2025.12.03-14.03.36:831][  0]LogWindows:    0. 'Intel(R) UHD Graphics' (P:1 D:1)
[2025.12.03-14.03.36:831][  0]LogWindows:    1. 'Intel(R) UHD Graphics' (P:0 D:0)
[2025.12.03-14.03.36:831][  0]LogWindows:    2. 'Intel(R) UHD Graphics' (P:0 D:0)
[2025.12.03-14.03.36:832][  0]LogWindows:    3. 'Intel(R) UHD Graphics' (P:0 D:0)
[2025.12.03-14.03.36:832][  0]LogWindows:    4. 'NVIDIA GeForce RTX 3050 Ti Laptop GPU' (P:0 D:0)
[2025.12.03-14.03.36:832][  0]LogWindows:    5. 'NVIDIA GeForce RTX 3050 Ti Laptop GPU' (P:0 D:0)
[2025.12.03-14.03.36:833][  0]LogWindows:    6. 'NVIDIA GeForce RTX 3050 Ti Laptop GPU' (P:0 D:0)
[2025.12.03-14.03.36:833][  0]LogWindows:    7. 'NVIDIA GeForce RTX 3050 Ti Laptop GPU' (P:0 D:0)
[2025.12.03-14.03.36:833][  0]LogWindows:    8. 'GameViewer Virtual Display Adapter' (P:0 D:0)
[2025.12.03-14.03.36:833][  0]LogWindows:    9. 'GameViewer Virtual Display Adapter' (P:0 D:0)
[2025.12.03-14.03.36:834][  0]LogWindows:    10. 'GameViewer Virtual Display Adapter' (P:0 D:0)
[2025.12.03-14.03.36:834][  0]LogWindows:    11. 'GameViewer Virtual Display Adapter' (P:0 D:0)
[2025.12.03-14.03.36:835][  0]LogWindows:    12. 'GameViewer Virtual Display Adapter' (P:0 D:0)
[2025.12.03-14.03.36:835][  0]LogWindows:    13. 'GameViewer Virtual Display Adapter' (P:0 D:0)
[2025.12.03-14.03.36:835][  0]LogWindows:    14. 'GameViewer Virtual Display Adapter' (P:0 D:0)
[2025.12.03-14.03.36:836][  0]LogWindows:    15. 'GameViewer Virtual Display Adapter' (P:0 D:0)
[2025.12.03-14.03.36:836][  0]LogWindows:    16. 'GameViewer Virtual Display Adapter' (P:0 D:0)
[2025.12.03-14.03.36:836][  0]LogWindows:    17. 'GameViewer Virtual Display Adapter' (P:0 D:0)
[2025.12.03-14.03.36:837][  0]LogWindows: DebugString: PrimaryIsNotTheChoosenAdapter PrimaryIsNotTheChoosenAdapter PrimaryIsNotTheChoosenAdapter PrimaryIsNotTheChoosenAdapter GetVideoDriverDetailsInvalid PrimaryIsNotTheChoosenAdapter GetVideoDriverDetailsInvalid PrimaryIsNotTheChoosenAdapter GetVideoDriverDetailsInvalid PrimaryIsNotTheChoosenAdapter GetVideoDriverDetailsInvalid PrimaryIsNotTheChoosenAdapter GetVideoDriverDetailsInvalid PrimaryIsNotTheChoosenAdapter GetVideoDriverDetailsInvalid PrimaryIsNotTheChoosenAdapter GetVideoDriverDetailsInvalid PrimaryIsNotTheChoosenAdapter GetVideoDriverDetailsInvalid PrimaryIsNotTheChoosenAdapter GetVideoDriverDetailsInvalid PrimaryIsNotTheChoosenAdapter GetVideoDriverDetailsInvalid PrimaryIsNotTheChoosenAdapter FoundDriverCount:4 
[2025.12.03-14.03.36:837][  0]LogD3D11RHI:     Adapter Name: NVIDIA GeForce RTX 3050 Ti Laptop GPU
[2025.12.03-14.03.36:837][  0]LogD3D11RHI:   Driver Version: 577.03 (internal:32.0.15.7703, unified:577.03)
[2025.12.03-14.03.36:837][  0]LogD3D11RHI:      Driver Date: 7-28-2025
[2025.12.03-14.03.36:837][  0]LogRHI: Texture pool is 2773 MB (70% of 3962 MB)
[2025.12.03-14.03.36:837][  0]LogD3D11RHI: Creating D3DDevice using adapter:
[2025.12.03-14.03.36:837][  0]LogD3D11RHI:     Description : NVIDIA GeForce RTX 3050 Ti Laptop GPU
[2025.12.03-14.03.36:837][  0]LogD3D11RHI:     VendorId    : 10de
[2025.12.03-14.03.36:837][  0]LogD3D11RHI:     DeviceId    : 25a0
[2025.12.03-14.03.36:837][  0]LogD3D11RHI:     SubSysId    : 88f5103c
[2025.12.03-14.03.36:837][  0]LogD3D11RHI:     Revision    : 00a1
[2025.12.03-14.03.36:837][  0]LogD3D11RHI:     DedicatedVideoMemory : 4154458112 bytes
[2025.12.03-14.03.36:837][  0]LogD3D11RHI:     DedicatedSystemMemory : 0 bytes
[2025.12.03-14.03.36:837][  0]LogD3D11RHI:     SharedSystemMemory : 8400078848 bytes
[2025.12.03-14.03.36:837][  0]LogD3D11RHI:     AdapterLuid : 0 73494
[2025.12.03-14.03.36:974][  0]LogD3D11RHI: RHI has support for 64 bit atomics
[2025.12.03-14.03.36:974][  0]LogD3D11RHI: Async texture creation enabled
[2025.12.03-14.03.36:974][  0]LogD3D11RHI: Array index from any shader is supported
[2025.12.03-14.03.36:996][  0]LogD3D11RHI: GPU Timing Frequency: 1000.000000 (Debug: 2 1)
[2025.12.03-14.03.37:039][  0]LogRHI: GeForceNow SDK initialized: 1
[2025.12.03-14.03.37:442][  0]LogTargetPlatformManager: Display: Loaded TargetPlatform 'AllDesktop'
[2025.12.03-14.03.37:463][  0]LogTargetPlatformManager: Display: Loaded TargetPlatform 'Android'
[2025.12.03-14.03.37:463][  0]LogTargetPlatformManager: Display: Loaded TargetPlatform 'Android_ASTC'
[2025.12.03-14.03.37:463][  0]LogTargetPlatformManager: Display: Loaded TargetPlatform 'Android_DXT'
[2025.12.03-14.03.37:463][  0]LogTargetPlatformManager: Display: Loaded TargetPlatform 'Android_ETC2'
[2025.12.03-14.03.37:463][  0]LogTargetPlatformManager: Display: Loaded TargetPlatform 'AndroidClient'
[2025.12.03-14.03.37:463][  0]LogTargetPlatformManager: Display: Loaded TargetPlatform 'Android_ASTCClient'
[2025.12.03-14.03.37:463][  0]LogTargetPlatformManager: Display: Loaded TargetPlatform 'Android_DXTClient'
[2025.12.03-14.03.37:463][  0]LogTargetPlatformManager: Display: Loaded TargetPlatform 'Android_ETC2Client'
[2025.12.03-14.03.37:463][  0]LogTargetPlatformManager: Display: Loaded TargetPlatform 'Android_Multi'
[2025.12.03-14.03.37:463][  0]LogTargetPlatformManager: Display: Loaded TargetPlatform 'Android_MultiClient'
[2025.12.03-14.03.37:482][  0]LogTargetPlatformManager: Display: Loaded TargetPlatform 'IOSClient'
[2025.12.03-14.03.37:482][  0]LogTargetPlatformManager: Display: Loaded TargetPlatform 'IOS'
[2025.12.03-14.03.37:493][  0]LogTargetPlatformManager: Display: Loaded TargetPlatform 'Linux'
[2025.12.03-14.03.37:498][  0]LogTargetPlatformManager: Display: Loaded TargetPlatform 'LinuxNoEditor'
[2025.12.03-14.03.37:504][  0]LogTargetPlatformManager: Display: Loaded TargetPlatform 'LinuxClient'
[2025.12.03-14.03.37:509][  0]LogTargetPlatformManager: Display: Loaded TargetPlatform 'LinuxServer'
[2025.12.03-14.03.37:519][  0]LogTargetPlatformManager: Display: Loaded TargetPlatform 'LinuxAArch64NoEditor'
[2025.12.03-14.03.37:525][  0]LogTargetPlatformManager: Display: Loaded TargetPlatform 'LinuxAArch64Client'
[2025.12.03-14.03.37:531][  0]LogTargetPlatformManager: Display: Loaded TargetPlatform 'LinuxAArch64Server'
[2025.12.03-14.03.37:564][  0]LogTargetPlatformManager: Display: Loaded TargetPlatform 'Lumin'
[2025.12.03-14.03.37:564][  0]LogTargetPlatformManager: Display: Loaded TargetPlatform 'LuminClient'
[2025.12.03-14.03.37:576][  0]LogTargetPlatformManager: Display: Loaded TargetPlatform 'MacNoEditor'
[2025.12.03-14.03.37:581][  0]LogTargetPlatformManager: Display: Loaded TargetPlatform 'Mac'
[2025.12.03-14.03.37:587][  0]LogTargetPlatformManager: Display: Loaded TargetPlatform 'MacClient'
[2025.12.03-14.03.37:593][  0]LogTargetPlatformManager: Display: Loaded TargetPlatform 'MacServer'
[2025.12.03-14.03.37:605][  0]LogTargetPlatformManager: Display: Loaded TargetPlatform 'TVOSClient'
[2025.12.03-14.03.37:605][  0]LogTargetPlatformManager: Display: Loaded TargetPlatform 'TVOS'
[2025.12.03-14.03.37:615][  0]LogTargetPlatformManager: Display: Loaded TargetPlatform 'WindowsNoEditor'
[2025.12.03-14.03.37:621][  0]LogTargetPlatformManager: Display: Loaded TargetPlatform 'Windows'
[2025.12.03-14.03.37:628][  0]LogTargetPlatformManager: Display: Loaded TargetPlatform 'WindowsClient'
[2025.12.03-14.03.37:634][  0]LogTargetPlatformManager: Display: Loaded TargetPlatform 'WindowsServer'
[2025.12.03-14.03.37:634][  0]LogTargetPlatformManager: Display: Building Assets For Windows
[2025.12.03-14.03.37:646][  0]LogAudioDebug: Display: Lib vorbis DLL was dynamically loaded.
[2025.12.03-14.03.37:683][  0]LogTextureFormatOodle: Display: Oodle Texture 2.9.0 init RDO Off
[2025.12.03-14.03.37:721][  0]LogRendererCore: Ray tracing is disabled. Reason: r.RayTracing=0.
[2025.12.03-14.03.37:721][  0]LogShaderCompilers: Guid format shader working directory is 2 characters bigger than the processId version (../../../../../../Spark_Guard/SparkGuard/Intermediate/Shaders/WorkingDirectory/23048/).
[2025.12.03-14.03.37:722][  0]LogShaderCompilers: Cleaned the shader compiler working directory 'C:/Users/HP/AppData/Local/Temp/UnrealShaderWorkingDir/5F5FF2D840D84702BF1E76972245A2AC/'.
[2025.12.03-14.03.37:722][  0]LogXGEController: Cannot use XGE Controller as Incredibuild is not installed on this machine.
[2025.12.03-14.03.37:722][  0]LogShaderCompilers: Cannot use XGE Shader Compiler as Incredibuild is not installed on this machine.
[2025.12.03-14.03.37:722][  0]LogShaderCompilers: Display: Using Local Shader Compiler.
[2025.12.03-14.03.38:424][  0]LogDerivedDataCache: Display: Max Cache Size: 512 MB
[2025.12.03-14.03.38:483][  0]LogDerivedDataCache: Loaded boot cache 0.06s 106MB C:/Users/HP/AppData/Local/UnrealEngine/4.27/DerivedDataCache/Boot.ddc.
[2025.12.03-14.03.38:483][  0]LogDerivedDataCache: Display: Loaded Boot cache: C:/Users/HP/AppData/Local/UnrealEngine/4.27/DerivedDataCache/Boot.ddc
[2025.12.03-14.03.38:484][  0]LogDerivedDataCache: FDerivedDataBackendGraph:  Pak pak cache file ../../../../../../Spark_Guard/SparkGuard/DerivedDataCache/DDC.ddp not found, will not use a pak cache.
[2025.12.03-14.03.38:484][  0]LogDerivedDataCache: Unable to find inner node Pak for hierarchical cache Hierarchy.
[2025.12.03-14.03.38:484][  0]LogDerivedDataCache: FDerivedDataBackendGraph:  CompressedPak pak cache file ../../../../../../Spark_Guard/SparkGuard/DerivedDataCache/Compressed.ddp not found, will not use a pak cache.
[2025.12.03-14.03.38:484][  0]LogDerivedDataCache: Unable to find inner node CompressedPak for hierarchical cache Hierarchy.
[2025.12.03-14.03.38:498][  0]LogDerivedDataCache: Display: Pak cache opened for reading ../../../Engine/DerivedDataCache/Compressed.ddp.
[2025.12.03-14.03.38:498][  0]LogDerivedDataCache: FDerivedDataBackendGraph:  EnterprisePak pak cache file ../../../Enterprise/DerivedDataCache/Compressed.ddp not found, will not use a pak cache.
[2025.12.03-14.03.38:498][  0]LogDerivedDataCache: Unable to find inner node EnterprisePak for hierarchical cache Hierarchy.
[2025.12.03-14.03.38:506][  0]LogDerivedDataCache: Speed tests for C:/Users/HP/AppData/Local/UnrealEngine/Common/DerivedDataCache took 0.01 seconds
[2025.12.03-14.03.38:506][  0]LogDerivedDataCache: Display: Performance to C:/Users/HP/AppData/Local/UnrealEngine/Common/DerivedDataCache: Latency=0.03ms. RandomReadSpeed=1299.54MBs, RandomWriteSpeed=132.13MBs. Assigned SpeedClass 'Local'
[2025.12.03-14.03.38:507][  0]LogDerivedDataCache: Using Local data cache path C:/Users/HP/AppData/Local/UnrealEngine/Common/DerivedDataCache: Writable
[2025.12.03-14.03.38:507][  0]LogDerivedDataCache: Shared data cache path not found in *engine.ini, will not use an Shared cache.
[2025.12.03-14.03.38:507][  0]LogDerivedDataCache: Unable to find inner node Shared for hierarchical cache Hierarchy.
[2025.12.03-14.03.38:546][  0]LogSlate: Using FreeType 2.10.0
[2025.12.03-14.03.38:546][  0]LogSlate: SlateFontServices - WITH_FREETYPE: 1, WITH_HARFBUZZ: 1
[2025.12.03-14.03.38:567][  0]LogAssetRegistry: FAssetRegistry took 0.0025 seconds to start up
[2025.12.03-14.03.38:824][  0]LogInit: Selected Device Profile: [Windows]
[2025.12.03-14.03.38:824][  0]LogInit: Active device profile: [000001EF03ADB400][000001EF02808500 49] Windows
[2025.12.03-14.03.38:824][  0]LogInit: Profiles: [000001EF03ADB400][000001EF02808500 49] Windows, [000001EF03AD4E00][000001EF0280C640 49] WindowsNoEditor, [000001EF03AD8E00][000001EF04820780 49] WindowsServer, [000001EF03AD6C00][000001EF04828900 49] WindowsClient, [000001EF03ADAB00][000001EF0482CA80 49] IOS, [000001EF03AD5700][000001EF04830C00 49] iPadAir, [000001EF03AD9600][000001EF04834D80 49] iPadAir2, [000001EF03A43B00][000001EF0483D040 49] IPadPro, [000001EF03A43C00][000001EF04839080 49] iPadAir3, [000001EF03ADA500][000001EF04841200 49] iPadAir4, [000001EF03A41300][000001EF04845380 49] iPadMini2, [000001EF03AD9B00][000001EF04849500 49] iPadMini3, [000001EF03A42600][000001EF0484D680 49] iPadMini4, [000001EF03AD8800][000001EF04851800 49] iPadMini5, [000001EF03A8F400][000001EF04859AC0 49] iPhone6, [000001EF03A8F500][000001EF04855B00 49] iPodTouch6, [000001EF03A40300][000001EF04860240 49] iPhone7, [000001EF03A40200][000001EF0485C280 49] iPodTouch7, [000001EF03A8D200][000001EF04864400 49] iPhone5S, [000001EF03A40E00][000001EF04824540 49] iPhone6Plus, [000001EF03A8E700][000001EF04868680 49] iPhone6S, [000001EF03A41100][000001EF048707C0 49] iPhone6SPlus, [000001EF03A8DA00][000001EF04874900 49] iPhone7Plus, [000001EF03A42000][000001EF048BEA80 49] iPhoneSE, [000001EF03A8F900][000001EF048C2C00 49] iPhone8, [000001EF03A42B00][000001EF048C6D80 49] iPhone8Plus, [000001EF03A8ED00][000001EF048CAF00 49] iPhoneX, [000001EF03A43E00][000001EF048CF080 49] iPhoneXS, [000001EF03A8C100][000001EF048D3200 49] iPhoneXSMax, [000001EF03A43A00][000001EF048D7380 49] iPhoneXR, [000001EF03A8CC00][000001EF048DB500 49] iPhone11, [000001EF03A42A00][000001EF048DF680 49] iPhone11Pro, [000001EF03A8EE00][000001EF048E3800 49] iPhone11ProMax, [000001EF03A40C00][000001EF048E7980 49] iPhoneSE2, [000001EF03A8EF00][000001EF048EBB00 49] iPhone12Mini, [000001EF03A40900][000001EF048EE100 49] iPhone12, [000001EF03A8DC00][000001EF048F2280 49] iPhone12Pro, [000001EF03A40700][000001EF048F6400 49] iPhone12ProMax, [000001EF03A8FD00][000001EF0492A580 49] iPadPro105, [000001EF03A40A00][000001EF04962700 49] iPadPro129, [000001EF03A8D500][000001EF048BA840 49] iPadPro97, [000001EF03A42300][000001EF04966980 49] iPadPro2_129, [000001EF03A8FB00][000001EF0496AAC0 49] iPad5, [000001EF03A41500][000001EF04972C40 49] iPad6, [000001EF03A8D600][000001EF04986DC0 49] iPad7, [000001EF03A41200][000001EF04996F40 49] iPad8, [000001EF03A8DD00][000001EF049AB0C0 49] iPadPro11, [000001EF03A41600][000001EF049AF240 49] iPadPro2_11, [000001EF03A8C400][000001EF049B33C0 49] iPadPro3_129, [000001EF03A41000][000001EF049BF540 49] iPadPro4_129, [000001EF03A8DE00][000001EF049C36C0 49] AppleTV, [000001EF03A41F00][000001EF049C7840 49] AppleTV4K, [000001EF03A8DB00][000001EF049CB9C0 49] TVOS, [000001EF03A42E00][000001EF049CFB40 49] Mac, [000001EF03A8E000][000001EF049D2140 49] MacClient, [000001EF03A40B00][000001EF049D62C0 49] MacNoEditor, [000001EF03A8E800][000001EF049DA440 49] MacServer, [000001EF03A41900][000001EF049DE5C0 49] Linux, [000001EF03A8F600][000001EF049E2740 49] LinuxAArch64, [000001EF03A41C00][000001EF049E68C0 49] LinuxNoEditor, [000001EF03A8DF00][000001EF0496EA00 49] LinuxAArch64NoEditor, [000001EF03AD7400][000001EF049EAB40 49] LinuxClient, [000001EF03B81D00][000001EF049EEC80 49] LinuxAArch64Client, [000001EF03AD4100][000001EF0545CDC0 49] LinuxServer, [000001EF03B80100][000001EF04A7AF40 49] LinuxAArch64Server, [000001EF03AD6800][000001EF04A7F0C0 49] Android, [000001EF03B80900][000001EF04A83240 49] Android_Low, [000001EF03AD7700][000001EF04A873C0 49] Android_Mid, [000001EF03B80B00][000001EF04A8B540 49] Android_High, [000001EF03AD7A00][000001EF04A8F6C0 49] Android_Default, [000001EF03B80700][000001EF04A93840 49] Android_Adreno4xx, [000001EF03AD5E00][000001EF04A979C0 49] Android_Adreno5xx_Low, [000001EF03B80300][000001EF04A9BB40 49] Android_Adreno5xx, [000001EF03AD5200][000001EF04A9E140 49] Android_Adreno6xx, [000001EF03B80A00][000001EF04AA22C0 49] Android_Adreno6xx_Vulkan, [000001EF03AD6D00][000001EF04AA6440 49] Android_Mali_T6xx, [000001EF03B81600][000001EF04AAA5C0 49] Android_Mali_T7xx, [000001EF03AD6B00][000001EF04AAE740 49] Android_Mali_T8xx, [000001EF03B80C00][000001EF04AB28C0 49] Android_Mali_G71, [000001EF03A8E500][000001EF04ACAA40 49] Android_Mali_G72, [000001EF03A40800][000001EF04A76B80 49] Android_Mali_G72_Vulkan, [000001EF03A8D000][000001EF04ACECC0 49] Android_Mali_G76, [000001EF03A43200][000001EF04AD2E00 49] Android_Mali_G76_Vulkan, [000001EF03A8FC00][000001EF04ADAF40 49] Android_Mali_G77, [000001EF03A42500][000001EF04AFB0C0 49] Android_Mali_G77_Vulkan, [000001EF03A8D400][000001EF04AFF240 49] Android_Mali_G78, [000001EF03A41B00][000001EF04B1B3C0 49] Android_Mali_G78_Vulkan, [000001EF03A8F300][000001EF04B2B540 49] Android_Mali_G710, [000001EF03A42800][000001EF04B4B6C0 49] Android_Mali_G710_Vulkan, [000001EF03B81F00][000001EF04B5B840 49] Android_Vulkan_SM5, [000001EF03A41E00][000001EF04B739C0 49] Android_PowerVR_G6xxx, [000001EF03B82000][000001EF04B77B40 49] Android_PowerVR_GT7xxx, [000001EF03A41400][000001EF04B7A140 49] Android_PowerVR_GE8xxx, [000001EF03B80D00][000001EF04B7E2C0 49] Android_PowerVR_GM9xxx, [000001EF03A42C00][000001EF04B82440 49] Android_PowerVR_GM9xxx_Vulkan, [000001EF03B82200][000001EF04B865C0 49] Android_TegraK1, [000001EF03A43900][000001EF04BBA740 49] Android_Unknown_Vulkan, [000001EF03B81000][000001EF054DE8C0 49] Lumin, [000001EF03A43F00][000001EF054E2A40 49] Lumin_Desktop, [000001EF03B82400][000001EF054E6BC0 49] HoloLens, 
[2025.12.03-14.03.38:993][  0]LogMeshReduction: Using QuadricMeshReduction for automatic static mesh reduction
[2025.12.03-14.03.38:993][  0]LogMeshReduction: Using SimplygonMeshReduction for automatic skeletal mesh reduction
[2025.12.03-14.03.38:993][  0]LogMeshReduction: Using ProxyLODMeshReduction for automatic mesh merging
[2025.12.03-14.03.38:993][  0]LogMeshReduction: No distributed automatic mesh merging module available
[2025.12.03-14.03.38:993][  0]LogMeshMerging: No distributed automatic mesh merging module available
[2025.12.03-14.03.39:011][  0]LogNetVersion: SparkGuard 1.0.0, NetCL: 17155196, EngineNetVer: 17, GameNetVer: 0 (Checksum: 618382786)
[2025.12.03-14.03.39:449][  0]LogTexture: Default maximum texture size for cubemaps generated from long-lat sources has been changed from 512 to unlimited. In order to preserve old behaiour for '/Engine/MapTemplates/Sky/DaylightAmbientCubemap.DaylightAmbientCubemap', its maximum texture size has been explicitly set to 512.
[2025.12.03-14.03.39:519][  0]LogHMD: PokeAHoleMaterial loaded successfully
[2025.12.03-14.03.39:525][  0]LogUObjectArray: 17178 objects as part of root set at end of initial load.
[2025.12.03-14.03.39:525][  0]LogUObjectAllocator: 4302048 out of 0 bytes used by permanent object pool.
[2025.12.03-14.03.39:525][  0]LogUObjectArray: CloseDisregardForGC: 0/0 objects in disregard for GC pool
[2025.12.03-14.03.39:802][  0]LogNiagaraDebuggerClient: Niagara Debugger Client Initialized | Session: 460077AF4D5F81447AEC22937E0FC7B9 | Instance: DD0A5E864B6B1B0286A0BEA0BDBA6357 (LAPTOP-23H2KK00-23048).
[2025.12.03-14.03.39:844][  0]LogPython: Using Python 3.7.7
[2025.12.03-14.03.40:482][  0]LogTcpMessaging: Initializing TcpMessaging bridge
[2025.12.03-14.03.40:500][  0]LogUdpMessaging: Initializing bridge on interface 0.0.0.0:0 to multicast group 230.0.0.1:6666.
[2025.12.03-14.03.40:862][  0]SourceControl: 源码管理已禁用
[2025.12.03-14.03.40:863][  0]SourceControl: 源码管理已禁用
[2025.12.03-14.03.40:867][  0]SourceControl: 源码管理已禁用
[2025.12.03-14.03.40:870][  0]SourceControl: 源码管理已禁用
[2025.12.03-14.03.40:886][  0]LogOpenImageDenoise: OIDN starting up
[2025.12.03-14.03.40:898][  0]SourceControl: 源码管理已禁用
[2025.12.03-14.03.40:907][  0]LogUProjectInfo: Found projects:
[2025.12.03-14.03.40:970][  0]LogAndroidPermission: UAndroidPermissionCallbackProxy::GetInstance
[2025.12.03-14.03.40:997][  0]LogAudioCaptureCore: Display: No Audio Capture implementations found. Audio input will be silent.
[2025.12.03-14.03.40:997][  0]LogAudioCaptureCore: Display: No Audio Capture implementations found. Audio input will be silent.
[2025.12.03-14.03.41:250][  0]LogCollectionManager: Loaded 0 collections in 0.000792 seconds
[2025.12.03-14.03.41:286][  0]LogFileCache: Scanning file cache for directory 'F:/Spark_Guard/SparkGuard/Saved/Collections/' took 0.00s
[2025.12.03-14.03.41:286][  0]LogFileCache: Scanning file cache for directory 'F:/Spark_Guard/SparkGuard/Content/Developers/HP/Collections/' took 0.00s
[2025.12.03-14.03.41:286][  0]LogFileCache: Scanning file cache for directory 'F:/Spark_Guard/SparkGuard/Content/Collections/' took 0.00s
[2025.12.03-14.03.41:286][  0]LogOcInput: OculusInput pre-init called
[2025.12.03-14.03.41:598][  0]LogEngine: Initializing Engine...
[2025.12.03-14.03.41:605][  0]LogHMD: Failed to enumerate extensions. Please check that you have a valid OpenXR runtime installed.
[2025.12.03-14.03.41:605][  0]LogHMD: Failed to initialize OpenVR with code 110
[2025.12.03-14.03.41:605][  0]LogMagicLeap: Warning: VR disabled because ZI is not enabled.  To enable, in the editor, Edit -> Project Settings -> Plugins -> Magic Leap Plugin -> Enable Zero Iteration
[2025.12.03-14.03.41:606][  0]LogStats: UGameplayTagsManager::InitializeManager -  0.000 s
[2025.12.03-14.03.41:768][  0]LogInit: Initializing FReadOnlyCVARCache
[2025.12.03-14.03.41:778][  0]LogAIModule: Creating AISystem for world Untitled
[2025.12.03-14.03.41:781][  0]LogAudio: Display: Initializing Audio Device Manager...
[2025.12.03-14.03.41:785][  0]LogAudio: Display: Loading Default Audio Settings Objects...
[2025.12.03-14.03.41:786][  0]LogAudio: Display: No default SoundConcurrencyObject specified (or failed to load).
[2025.12.03-14.03.41:787][  0]LogAudio: Display: Audio Device Manager Initialized
[2025.12.03-14.03.41:787][  0]LogAudio: Display: Creating Audio Device:                 Id: 1, Scope: Shared, Realtime: True
[2025.12.03-14.03.41:787][  0]LogAudioMixer: Display: Audio Mixer Platform Settings:
[2025.12.03-14.03.41:787][  0]LogAudioMixer: Display: 	Sample Rate:						  48000
[2025.12.03-14.03.41:787][  0]LogAudioMixer: Display: 	Callback Buffer Frame Size Requested: 1024
[2025.12.03-14.03.41:787][  0]LogAudioMixer: Display: 	Callback Buffer Frame Size To Use:	  1024
[2025.12.03-14.03.41:787][  0]LogAudioMixer: Display: 	Number of buffers to queue:			  2
[2025.12.03-14.03.41:787][  0]LogAudioMixer: Display: 	Max Channels (voices):				  32
[2025.12.03-14.03.41:787][  0]LogAudioMixer: Display: 	Number of Async Source Workers:		  0
[2025.12.03-14.03.41:787][  0]LogAudio: Display: AudioDevice MaxSources: 32
[2025.12.03-14.03.41:788][  0]LogAudio: Display: Audio Spatialization Plugin: None (built-in).
[2025.12.03-14.03.41:788][  0]LogAudio: Display: Audio Reverb Plugin: None (built-in).
[2025.12.03-14.03.41:788][  0]LogAudio: Display: Audio Occlusion Plugin: None (built-in).
[2025.12.03-14.03.41:788][  0]LogAudioMixer: Display: Initializing audio mixer.
[2025.12.03-14.03.41:803][  0]LogAudioMixer: Display: 0: FrontLeft
[2025.12.03-14.03.41:803][  0]LogAudioMixer: Display: 1: FrontRight
[2025.12.03-14.03.42:540][  0]LogAudioMixer: Display: Using Audio Device Speaker (Realtek(R) Audio)
[2025.12.03-14.03.42:543][  0]LogAudioMixer: Display: Initializing Sound Submixes...
[2025.12.03-14.03.42:545][  0]LogAudioMixer: Display: Creating Master Submix 'MasterSubmixDefault'
[2025.12.03-14.03.42:545][  0]LogAudioMixer: Display: Creating Master Submix 'MasterReverbSubmixDefault'
[2025.12.03-14.03.42:546][  0]LogAudioMixer: Display: Creating Master Submix 'MasterEQSubmixDefault'
[2025.12.03-14.03.42:546][  0]LogAudioMixer: FMixerPlatformXAudio2::StartAudioStream() called
[2025.12.03-14.03.42:546][  0]LogAudioMixer: Display: Output buffers initialized: Frames=1024, Channels=2, Samples=2048
[2025.12.03-14.03.42:548][  0]LogAudioMixer: Display: Starting AudioMixerPlatformInterface::RunInternal()
[2025.12.03-14.03.42:548][  0]LogAudioMixer: Display: FMixerPlatformXAudio2::SubmitBuffer() called for the first time
[2025.12.03-14.03.42:548][  0]LogInit: FAudioDevice initialized.
[2025.12.03-14.03.42:548][  0]LogAudio: Display: Audio Device (ID: 1) registered with world 'Untitled'.
[2025.12.03-14.03.42:548][  0]LogNetVersion: Set ProjectVersion to 1.0.0.0. Version Checksum will be recalculated on next use.
[2025.12.03-14.03.42:617][  0]LogDerivedDataCache: Saved boot cache 0.07s 94MB C:/Users/HP/AppData/Local/UnrealEngine/4.27/DerivedDataCache/Boot.ddc.
[2025.12.03-14.03.42:617][  0]LogInit: Texture streaming: Enabled
[2025.12.03-14.03.42:642][  0]LogAnalytics: Display: [UEEditor.Rocket.Release] APIServer = https://datarouter.ol.epicgames.com/. AppVersion = 4.27.2-18319896+++UE4+Release-4.27
[2025.12.03-14.03.42:646][  0]LogEngineSessionManager: EngineSessionManager initialized
[2025.12.03-14.03.42:647][  0]LogEditorSessionSummary: Verbose: Initializing EditorSessionSummaryWriter for editor session tracking
[2025.12.03-14.03.42:649][  0]LogEditorSessionSummary: EditorSessionSummaryWriter initialized
[2025.12.03-14.03.42:673][  0]LogInit: Transaction tracking system initialized
[2025.12.03-14.03.42:694][  0]BlueprintLog: New page: 编辑器加载
[2025.12.03-14.03.42:783][  0]LocalizationService: 本地化服务已禁用
[2025.12.03-14.03.42:813][  0]TimingProfiler: Initialize
[2025.12.03-14.03.42:813][  0]TimingProfiler: OnSessionChanged
[2025.12.03-14.03.42:813][  0]LoadingProfiler: Initialize
[2025.12.03-14.03.42:813][  0]LoadingProfiler: OnSessionChanged
[2025.12.03-14.03.42:813][  0]NetworkingProfiler: Initialize
[2025.12.03-14.03.42:813][  0]NetworkingProfiler: OnSessionChanged
[2025.12.03-14.03.42:813][  0]MemoryProfiler: Initialize
[2025.12.03-14.03.42:813][  0]MemoryProfiler: OnSessionChanged
[2025.12.03-14.03.42:972][  0]LogFileCache: Scanning file cache for directory 'F:/Spark_Guard/SparkGuard/Content/' took 0.00s
[2025.12.03-14.03.42:972][  0]LogCook: Display: CookSettings for Memory: MemoryMaxUsedVirtual 0MiB, MemoryMaxUsedPhysical 16384MiB, MemoryMinFreeVirtual 0MiB, MemoryMinFreePhysical 1024MiB
[2025.12.03-14.03.42:972][  0]LogCook: Display: Mobile HDR setting 1
[2025.12.03-14.03.43:352][  0]LogInit: Display: Engine is initialized. Leaving FEngineLoop::Init()
[2025.12.03-14.03.43:357][  0]SourceControl: 源码管理已禁用
[2025.12.03-14.03.43:357][  0]LogUnrealEdMisc: Loading editor; pre map load, took 8.357
[2025.12.03-14.03.43:357][  0]Cmd: MAP LOAD FILE="../../../Engine/Content/Maps/Templates/Template_Default.umap" TEMPLATE=1 SHOWPROGRESS=1 FEATURELEVEL=3
[2025.12.03-14.03.43:358][  0]LightingResults: New page: 光照构建
[2025.12.03-14.03.43:359][  0]LogWorld: UWorld::CleanupWorld for Untitled, bSessionEnded=true, bCleanupResources=true
[2025.12.03-14.03.43:359][  0]LogSlate: InvalidateAllWidgets triggered.  All widgets were invalidated
[2025.12.03-14.03.43:359][  0]MapCheck: New page: 地图检测
[2025.12.03-14.03.43:359][  0]LightingResults: New page: 光照构建
[2025.12.03-14.03.43:365][  0]LogAudio: Display: Audio Device unregistered from world 'None'.
[2025.12.03-14.03.43:367][  0]LogUObjectHash: Compacting FUObjectHashTables data took   0.61ms
[2025.12.03-14.03.43:420][  0]LogTexture: Display: 正在编译纹理：DeprecatedTextureEB9CBE3C423008B5E8E130901E171C89（BGRA8、128X128）
[2025.12.03-14.03.43:427][  0]LogAudio: Display: Audio Device (ID: 1) registered with world 'Untitled_1'.
[2025.12.03-14.03.43:428][  0]LogAIModule: Creating AISystem for world Untitled_1
[2025.12.03-14.03.43:433][  0]LogEditorServer: Finished looking for orphan Actors (0.000 secs)
[2025.12.03-14.03.43:443][  0]LogUObjectHash: Compacting FUObjectHashTables data took   0.99ms
[2025.12.03-14.03.43:444][  0]Cmd: MAP CHECKDEP NOCLEARLOG
[2025.12.03-14.03.43:444][  0]MapCheck: 地图检测完成：0个错误、0个警告、完成用时0.16毫秒。
[2025.12.03-14.03.43:444][  0]LogFileHelpers: Loading map 'Template_Default' took 0.087
[2025.12.03-14.03.43:447][  0]LogUnrealEdMisc: Total Editor Startup Time, took 8.447
[2025.12.03-14.03.43:508][  0]LogWindowsTextInputMethodSystem: Display: IME system activated using TSF (微软拼音).
[2025.12.03-14.03.43:570][  0]LogSlate: Updating window title bar state: overlay mode, drag disabled, window buttons hidden, title bar hidden
[2025.12.03-14.03.43:576][  0]LogSlate: Updating window title bar state: overlay mode, drag disabled, window buttons hidden, title bar hidden
[2025.12.03-14.03.43:582][  0]LogSlate: Updating window title bar state: overlay mode, drag disabled, window buttons hidden, title bar hidden
[2025.12.03-14.03.43:586][  0]LogSlate: Updating window title bar state: overlay mode, drag disabled, window buttons hidden, title bar hidden
[2025.12.03-14.03.43:601][  0]LogNativeClassHierarchy: Verbose: Native class hierarchy populated in 0.0082 seconds. Added 3823 classes and 930 folders.
[2025.12.03-14.03.43:603][  0]LogNativeClassHierarchy: Verbose: Native class hierarchy updated for 'WidgetCarousel' in 0.0002 seconds. Added 0 classes and 0 folders.
[2025.12.03-14.03.43:605][  0]LogPakFile: PakFile PrimaryIndexSize=187
[2025.12.03-14.03.43:605][  0]LogPakFile: PakFile PathHashIndexSize=101
[2025.12.03-14.03.43:605][  0]LogPakFile: PakFile FullDirectoryIndexSize=148
[2025.12.03-14.03.43:605][  0]LogShaderLibrary: Display: ShaderCodeLibraryPakFileMountedCallback: PakFile 'F:/Epic/Epic Games/UE_4.27/FeaturePacks/FP_FirstPerson.upack' (chunk index -1, root 'root:/') mounted
[2025.12.03-14.03.43:605][  0]LogShaderLibrary: Display: ShaderCodeLibraryPakFileMountedCallback: pending pak file info (ChunkID:-1 Root:root:/ File:F:/Epic/Epic Games/UE_4.27/FeaturePacks/FP_FirstPerson.upack)
[2025.12.03-14.03.43:605][  0]LogPakFile: OnPakFileMounted2Time == 0.000048
[2025.12.03-14.03.43:605][  0]LogPakFile: PakFile PrimaryIndexSize=189
[2025.12.03-14.03.43:605][  0]LogPakFile: PakFile PathHashIndexSize=101
[2025.12.03-14.03.43:605][  0]LogPakFile: PakFile FullDirectoryIndexSize=152
[2025.12.03-14.03.43:605][  0]LogShaderLibrary: Display: ShaderCodeLibraryPakFileMountedCallback: PakFile 'F:/Epic/Epic Games/UE_4.27/FeaturePacks/FP_FirstPersonBP.upack' (chunk index -1, root 'root:/') mounted
[2025.12.03-14.03.43:605][  0]LogShaderLibrary: Display: ShaderCodeLibraryPakFileMountedCallback: pending pak file info (ChunkID:-1 Root:root:/ File:F:/Epic/Epic Games/UE_4.27/FeaturePacks/FP_FirstPersonBP.upack)
[2025.12.03-14.03.43:605][  0]LogPakFile: OnPakFileMounted2Time == 0.000031
[2025.12.03-14.03.43:605][  0]LogPakFile: PakFile PrimaryIndexSize=191
[2025.12.03-14.03.43:605][  0]LogPakFile: PakFile PathHashIndexSize=101
[2025.12.03-14.03.43:605][  0]LogPakFile: PakFile FullDirectoryIndexSize=160
[2025.12.03-14.03.43:605][  0]LogShaderLibrary: Display: ShaderCodeLibraryPakFileMountedCallback: PakFile 'F:/Epic/Epic Games/UE_4.27/FeaturePacks/MobileStarterContent.upack' (chunk index -1, root 'root:/') mounted
[2025.12.03-14.03.43:605][  0]LogShaderLibrary: Display: ShaderCodeLibraryPakFileMountedCallback: pending pak file info (ChunkID:-1 Root:root:/ File:F:/Epic/Epic Games/UE_4.27/FeaturePacks/MobileStarterContent.upack)
[2025.12.03-14.03.43:606][  0]LogPakFile: OnPakFileMounted2Time == 0.000031
[2025.12.03-14.03.43:606][  0]LogPakFile: PakFile PrimaryIndexSize=185
[2025.12.03-14.03.43:606][  0]LogPakFile: PakFile PathHashIndexSize=101
[2025.12.03-14.03.43:606][  0]LogPakFile: PakFile FullDirectoryIndexSize=148
[2025.12.03-14.03.43:606][  0]LogShaderLibrary: Display: ShaderCodeLibraryPakFileMountedCallback: PakFile 'F:/Epic/Epic Games/UE_4.27/FeaturePacks/StarterContent.upack' (chunk index -1, root 'root:/') mounted
[2025.12.03-14.03.43:606][  0]LogShaderLibrary: Display: ShaderCodeLibraryPakFileMountedCallback: pending pak file info (ChunkID:-1 Root:root:/ File:F:/Epic/Epic Games/UE_4.27/FeaturePacks/StarterContent.upack)
[2025.12.03-14.03.43:606][  0]LogPakFile: OnPakFileMounted2Time == 0.000028
[2025.12.03-14.03.43:606][  0]LogPakFile: PakFile PrimaryIndexSize=190
[2025.12.03-14.03.43:606][  0]LogPakFile: PakFile PathHashIndexSize=101
[2025.12.03-14.03.43:606][  0]LogPakFile: PakFile FullDirectoryIndexSize=154
[2025.12.03-14.03.43:606][  0]LogShaderLibrary: Display: ShaderCodeLibraryPakFileMountedCallback: PakFile 'F:/Epic/Epic Games/UE_4.27/FeaturePacks/TP_2DSideScroller.upack' (chunk index -1, root 'root:/') mounted
[2025.12.03-14.03.43:606][  0]LogShaderLibrary: Display: ShaderCodeLibraryPakFileMountedCallback: pending pak file info (ChunkID:-1 Root:root:/ File:F:/Epic/Epic Games/UE_4.27/FeaturePacks/TP_2DSideScroller.upack)
[2025.12.03-14.03.43:606][  0]LogPakFile: OnPakFileMounted2Time == 0.000029
[2025.12.03-14.03.43:607][  0]LogPakFile: PakFile PrimaryIndexSize=192
[2025.12.03-14.03.43:607][  0]LogPakFile: PakFile PathHashIndexSize=101
[2025.12.03-14.03.43:607][  0]LogPakFile: PakFile FullDirectoryIndexSize=158
[2025.12.03-14.03.43:607][  0]LogShaderLibrary: Display: ShaderCodeLibraryPakFileMountedCallback: PakFile 'F:/Epic/Epic Games/UE_4.27/FeaturePacks/TP_2DSideScrollerBP.upack' (chunk index -1, root 'root:/') mounted
[2025.12.03-14.03.43:607][  0]LogShaderLibrary: Display: ShaderCodeLibraryPakFileMountedCallback: pending pak file info (ChunkID:-1 Root:root:/ File:F:/Epic/Epic Games/UE_4.27/FeaturePacks/TP_2DSideScrollerBP.upack)
[2025.12.03-14.03.43:607][  0]LogPakFile: OnPakFileMounted2Time == 0.000027
[2025.12.03-14.03.43:607][  0]LogPakFile: PakFile PrimaryIndexSize=182
[2025.12.03-14.03.43:607][  0]LogPakFile: PakFile PathHashIndexSize=101
[2025.12.03-14.03.43:607][  0]LogPakFile: PakFile FullDirectoryIndexSize=138
[2025.12.03-14.03.43:607][  0]LogShaderLibrary: Display: ShaderCodeLibraryPakFileMountedCallback: PakFile 'F:/Epic/Epic Games/UE_4.27/FeaturePacks/TP_Flying.upack' (chunk index -1, root 'root:/') mounted
[2025.12.03-14.03.43:607][  0]LogShaderLibrary: Display: ShaderCodeLibraryPakFileMountedCallback: pending pak file info (ChunkID:-1 Root:root:/ File:F:/Epic/Epic Games/UE_4.27/FeaturePacks/TP_Flying.upack)
[2025.12.03-14.03.43:607][  0]LogPakFile: OnPakFileMounted2Time == 0.000026
[2025.12.03-14.03.43:607][  0]LogPakFile: PakFile PrimaryIndexSize=184
[2025.12.03-14.03.43:607][  0]LogPakFile: PakFile PathHashIndexSize=101
[2025.12.03-14.03.43:607][  0]LogPakFile: PakFile FullDirectoryIndexSize=142
[2025.12.03-14.03.43:607][  0]LogShaderLibrary: Display: ShaderCodeLibraryPakFileMountedCallback: PakFile 'F:/Epic/Epic Games/UE_4.27/FeaturePacks/TP_FlyingBP.upack' (chunk index -1, root 'root:/') mounted
[2025.12.03-14.03.43:607][  0]LogShaderLibrary: Display: ShaderCodeLibraryPakFileMountedCallback: pending pak file info (ChunkID:-1 Root:root:/ File:F:/Epic/Epic Games/UE_4.27/FeaturePacks/TP_FlyingBP.upack)
[2025.12.03-14.03.43:607][  0]LogPakFile: OnPakFileMounted2Time == 0.000025
[2025.12.03-14.03.43:608][  0]LogPakFile: PakFile PrimaryIndexSize=188
[2025.12.03-14.03.43:608][  0]LogPakFile: PakFile PathHashIndexSize=101
[2025.12.03-14.03.43:608][  0]LogPakFile: PakFile FullDirectoryIndexSize=150
[2025.12.03-14.03.43:608][  0]LogShaderLibrary: Display: ShaderCodeLibraryPakFileMountedCallback: PakFile 'F:/Epic/Epic Games/UE_4.27/FeaturePacks/TP_HandheldARBP.upack' (chunk index -1, root 'root:/') mounted
[2025.12.03-14.03.43:608][  0]LogShaderLibrary: Display: ShaderCodeLibraryPakFileMountedCallback: pending pak file info (ChunkID:-1 Root:root:/ File:F:/Epic/Epic Games/UE_4.27/FeaturePacks/TP_HandheldARBP.upack)
[2025.12.03-14.03.43:608][  0]LogPakFile: OnPakFileMounted2Time == 0.000026
[2025.12.03-14.03.43:608][  0]LogPakFile: PakFile PrimaryIndexSize=182
[2025.12.03-14.03.43:608][  0]LogPakFile: PakFile PathHashIndexSize=101
[2025.12.03-14.03.43:608][  0]LogPakFile: PakFile FullDirectoryIndexSize=138
[2025.12.03-14.03.43:608][  0]LogShaderLibrary: Display: ShaderCodeLibraryPakFileMountedCallback: PakFile 'F:/Epic/Epic Games/UE_4.27/FeaturePacks/TP_Puzzle.upack' (chunk index -1, root 'root:/') mounted
[2025.12.03-14.03.43:608][  0]LogShaderLibrary: Display: ShaderCodeLibraryPakFileMountedCallback: pending pak file info (ChunkID:-1 Root:root:/ File:F:/Epic/Epic Games/UE_4.27/FeaturePacks/TP_Puzzle.upack)
[2025.12.03-14.03.43:608][  0]LogPakFile: OnPakFileMounted2Time == 0.000027
[2025.12.03-14.03.43:609][  0]LogPakFile: PakFile PrimaryIndexSize=184
[2025.12.03-14.03.43:609][  0]LogPakFile: PakFile PathHashIndexSize=101
[2025.12.03-14.03.43:609][  0]LogPakFile: PakFile FullDirectoryIndexSize=142
[2025.12.03-14.03.43:609][  0]LogShaderLibrary: Display: ShaderCodeLibraryPakFileMountedCallback: PakFile 'F:/Epic/Epic Games/UE_4.27/FeaturePacks/TP_PuzzleBP.upack' (chunk index -1, root 'root:/') mounted
[2025.12.03-14.03.43:609][  0]LogShaderLibrary: Display: ShaderCodeLibraryPakFileMountedCallback: pending pak file info (ChunkID:-1 Root:root:/ File:F:/Epic/Epic Games/UE_4.27/FeaturePacks/TP_PuzzleBP.upack)
[2025.12.03-14.03.43:609][  0]LogPakFile: OnPakFileMounted2Time == 0.000044
[2025.12.03-14.03.43:609][  0]LogPakFile: PakFile PrimaryIndexSize=183
[2025.12.03-14.03.43:609][  0]LogPakFile: PakFile PathHashIndexSize=101
[2025.12.03-14.03.43:609][  0]LogPakFile: PakFile FullDirectoryIndexSize=140
[2025.12.03-14.03.43:609][  0]LogShaderLibrary: Display: ShaderCodeLibraryPakFileMountedCallback: PakFile 'F:/Epic/Epic Games/UE_4.27/FeaturePacks/TP_Rolling.upack' (chunk index -1, root 'root:/') mounted
[2025.12.03-14.03.43:609][  0]LogShaderLibrary: Display: ShaderCodeLibraryPakFileMountedCallback: pending pak file info (ChunkID:-1 Root:root:/ File:F:/Epic/Epic Games/UE_4.27/FeaturePacks/TP_Rolling.upack)
[2025.12.03-14.03.43:609][  0]LogPakFile: OnPakFileMounted2Time == 0.000036
[2025.12.03-14.03.43:610][  0]LogPakFile: PakFile PrimaryIndexSize=185
[2025.12.03-14.03.43:610][  0]LogPakFile: PakFile PathHashIndexSize=101
[2025.12.03-14.03.43:610][  0]LogPakFile: PakFile FullDirectoryIndexSize=144
[2025.12.03-14.03.43:610][  0]LogShaderLibrary: Display: ShaderCodeLibraryPakFileMountedCallback: PakFile 'F:/Epic/Epic Games/UE_4.27/FeaturePacks/TP_RollingBP.upack' (chunk index -1, root 'root:/') mounted
[2025.12.03-14.03.43:610][  0]LogShaderLibrary: Display: ShaderCodeLibraryPakFileMountedCallback: pending pak file info (ChunkID:-1 Root:root:/ File:F:/Epic/Epic Games/UE_4.27/FeaturePacks/TP_RollingBP.upack)
[2025.12.03-14.03.43:610][  0]LogPakFile: OnPakFileMounted2Time == 0.000039
[2025.12.03-14.03.43:610][  0]LogPakFile: PakFile PrimaryIndexSize=188
[2025.12.03-14.03.43:610][  0]LogPakFile: PakFile PathHashIndexSize=101
[2025.12.03-14.03.43:610][  0]LogPakFile: PakFile FullDirectoryIndexSize=150
[2025.12.03-14.03.43:610][  0]LogShaderLibrary: Display: ShaderCodeLibraryPakFileMountedCallback: PakFile 'F:/Epic/Epic Games/UE_4.27/FeaturePacks/TP_SideScroller.upack' (chunk index -1, root 'root:/') mounted
[2025.12.03-14.03.43:610][  0]LogShaderLibrary: Display: ShaderCodeLibraryPakFileMountedCallback: pending pak file info (ChunkID:-1 Root:root:/ File:F:/Epic/Epic Games/UE_4.27/FeaturePacks/TP_SideScroller.upack)
[2025.12.03-14.03.43:610][  0]LogPakFile: OnPakFileMounted2Time == 0.000038
[2025.12.03-14.03.43:611][  0]LogPakFile: PakFile PrimaryIndexSize=190
[2025.12.03-14.03.43:611][  0]LogPakFile: PakFile PathHashIndexSize=101
[2025.12.03-14.03.43:611][  0]LogPakFile: PakFile FullDirectoryIndexSize=154
[2025.12.03-14.03.43:611][  0]LogShaderLibrary: Display: ShaderCodeLibraryPakFileMountedCallback: PakFile 'F:/Epic/Epic Games/UE_4.27/FeaturePacks/TP_SideScrollerBP.upack' (chunk index -1, root 'root:/') mounted
[2025.12.03-14.03.43:611][  0]LogShaderLibrary: Display: ShaderCodeLibraryPakFileMountedCallback: pending pak file info (ChunkID:-1 Root:root:/ File:F:/Epic/Epic Games/UE_4.27/FeaturePacks/TP_SideScrollerBP.upack)
[2025.12.03-14.03.43:611][  0]LogPakFile: OnPakFileMounted2Time == 0.000038
[2025.12.03-14.03.43:611][  0]LogPakFile: PakFile PrimaryIndexSize=187
[2025.12.03-14.03.43:611][  0]LogPakFile: PakFile PathHashIndexSize=101
[2025.12.03-14.03.43:611][  0]LogPakFile: PakFile FullDirectoryIndexSize=148
[2025.12.03-14.03.43:611][  0]LogShaderLibrary: Display: ShaderCodeLibraryPakFileMountedCallback: PakFile 'F:/Epic/Epic Games/UE_4.27/FeaturePacks/TP_ThirdPerson.upack' (chunk index -1, root 'root:/') mounted
[2025.12.03-14.03.43:611][  0]LogShaderLibrary: Display: ShaderCodeLibraryPakFileMountedCallback: pending pak file info (ChunkID:-1 Root:root:/ File:F:/Epic/Epic Games/UE_4.27/FeaturePacks/TP_ThirdPerson.upack)
[2025.12.03-14.03.43:611][  0]LogPakFile: OnPakFileMounted2Time == 0.000026
[2025.12.03-14.03.43:612][  0]LogPakFile: PakFile PrimaryIndexSize=189
[2025.12.03-14.03.43:612][  0]LogPakFile: PakFile PathHashIndexSize=101
[2025.12.03-14.03.43:612][  0]LogPakFile: PakFile FullDirectoryIndexSize=152
[2025.12.03-14.03.43:612][  0]LogShaderLibrary: Display: ShaderCodeLibraryPakFileMountedCallback: PakFile 'F:/Epic/Epic Games/UE_4.27/FeaturePacks/TP_ThirdPersonBP.upack' (chunk index -1, root 'root:/') mounted
[2025.12.03-14.03.43:612][  0]LogShaderLibrary: Display: ShaderCodeLibraryPakFileMountedCallback: pending pak file info (ChunkID:-1 Root:root:/ File:F:/Epic/Epic Games/UE_4.27/FeaturePacks/TP_ThirdPersonBP.upack)
[2025.12.03-14.03.43:612][  0]LogPakFile: OnPakFileMounted2Time == 0.000040
[2025.12.03-14.03.43:612][  0]LogPakFile: PakFile PrimaryIndexSize=183
[2025.12.03-14.03.43:612][  0]LogPakFile: PakFile PathHashIndexSize=101
[2025.12.03-14.03.43:612][  0]LogPakFile: PakFile FullDirectoryIndexSize=140
[2025.12.03-14.03.43:612][  0]LogShaderLibrary: Display: ShaderCodeLibraryPakFileMountedCallback: PakFile 'F:/Epic/Epic Games/UE_4.27/FeaturePacks/TP_TopDown.upack' (chunk index -1, root 'root:/') mounted
[2025.12.03-14.03.43:613][  0]LogShaderLibrary: Display: ShaderCodeLibraryPakFileMountedCallback: pending pak file info (ChunkID:-1 Root:root:/ File:F:/Epic/Epic Games/UE_4.27/FeaturePacks/TP_TopDown.upack)
[2025.12.03-14.03.43:613][  0]LogPakFile: OnPakFileMounted2Time == 0.000046
[2025.12.03-14.03.43:613][  0]LogPakFile: PakFile PrimaryIndexSize=185
[2025.12.03-14.03.43:613][  0]LogPakFile: PakFile PathHashIndexSize=101
[2025.12.03-14.03.43:613][  0]LogPakFile: PakFile FullDirectoryIndexSize=144
[2025.12.03-14.03.43:613][  0]LogShaderLibrary: Display: ShaderCodeLibraryPakFileMountedCallback: PakFile 'F:/Epic/Epic Games/UE_4.27/FeaturePacks/TP_TopDownBP.upack' (chunk index -1, root 'root:/') mounted
[2025.12.03-14.03.43:613][  0]LogShaderLibrary: Display: ShaderCodeLibraryPakFileMountedCallback: pending pak file info (ChunkID:-1 Root:root:/ File:F:/Epic/Epic Games/UE_4.27/FeaturePacks/TP_TopDownBP.upack)
[2025.12.03-14.03.43:613][  0]LogPakFile: OnPakFileMounted2Time == 0.000049
[2025.12.03-14.03.43:614][  0]LogPakFile: PakFile PrimaryIndexSize=185
[2025.12.03-14.03.43:614][  0]LogPakFile: PakFile PathHashIndexSize=101
[2025.12.03-14.03.43:614][  0]LogPakFile: PakFile FullDirectoryIndexSize=144
[2025.12.03-14.03.43:614][  0]LogShaderLibrary: Display: ShaderCodeLibraryPakFileMountedCallback: PakFile 'F:/Epic/Epic Games/UE_4.27/FeaturePacks/TP_TwinStick.upack' (chunk index -1, root 'root:/') mounted
[2025.12.03-14.03.43:614][  0]LogShaderLibrary: Display: ShaderCodeLibraryPakFileMountedCallback: pending pak file info (ChunkID:-1 Root:root:/ File:F:/Epic/Epic Games/UE_4.27/FeaturePacks/TP_TwinStick.upack)
[2025.12.03-14.03.43:614][  0]LogPakFile: OnPakFileMounted2Time == 0.000039
[2025.12.03-14.03.43:614][  0]LogPakFile: PakFile PrimaryIndexSize=187
[2025.12.03-14.03.43:614][  0]LogPakFile: PakFile PathHashIndexSize=101
[2025.12.03-14.03.43:614][  0]LogPakFile: PakFile FullDirectoryIndexSize=148
[2025.12.03-14.03.43:614][  0]LogShaderLibrary: Display: ShaderCodeLibraryPakFileMountedCallback: PakFile 'F:/Epic/Epic Games/UE_4.27/FeaturePacks/TP_TwinStickBP.upack' (chunk index -1, root 'root:/') mounted
[2025.12.03-14.03.43:614][  0]LogShaderLibrary: Display: ShaderCodeLibraryPakFileMountedCallback: pending pak file info (ChunkID:-1 Root:root:/ File:F:/Epic/Epic Games/UE_4.27/FeaturePacks/TP_TwinStickBP.upack)
[2025.12.03-14.03.43:614][  0]LogPakFile: OnPakFileMounted2Time == 0.000037
[2025.12.03-14.03.43:615][  0]LogPakFile: PakFile PrimaryIndexSize=183
[2025.12.03-14.03.43:615][  0]LogPakFile: PakFile PathHashIndexSize=101
[2025.12.03-14.03.43:615][  0]LogPakFile: PakFile FullDirectoryIndexSize=140
[2025.12.03-14.03.43:615][  0]LogShaderLibrary: Display: ShaderCodeLibraryPakFileMountedCallback: PakFile 'F:/Epic/Epic Games/UE_4.27/FeaturePacks/TP_Vehicle.upack' (chunk index -1, root 'root:/') mounted
[2025.12.03-14.03.43:615][  0]LogShaderLibrary: Display: ShaderCodeLibraryPakFileMountedCallback: pending pak file info (ChunkID:-1 Root:root:/ File:F:/Epic/Epic Games/UE_4.27/FeaturePacks/TP_Vehicle.upack)
[2025.12.03-14.03.43:615][  0]LogPakFile: OnPakFileMounted2Time == 0.000041
[2025.12.03-14.03.43:615][  0]LogPakFile: PakFile PrimaryIndexSize=186
[2025.12.03-14.03.43:615][  0]LogPakFile: PakFile PathHashIndexSize=101
[2025.12.03-14.03.43:615][  0]LogPakFile: PakFile FullDirectoryIndexSize=146
[2025.12.03-14.03.43:615][  0]LogShaderLibrary: Display: ShaderCodeLibraryPakFileMountedCallback: PakFile 'F:/Epic/Epic Games/UE_4.27/FeaturePacks/TP_VehicleAdv.upack' (chunk index -1, root 'root:/') mounted
[2025.12.03-14.03.43:615][  0]LogShaderLibrary: Display: ShaderCodeLibraryPakFileMountedCallback: pending pak file info (ChunkID:-1 Root:root:/ File:F:/Epic/Epic Games/UE_4.27/FeaturePacks/TP_VehicleAdv.upack)
[2025.12.03-14.03.43:615][  0]LogPakFile: OnPakFileMounted2Time == 0.000039
[2025.12.03-14.03.43:616][  0]LogPakFile: PakFile PrimaryIndexSize=188
[2025.12.03-14.03.43:616][  0]LogPakFile: PakFile PathHashIndexSize=101
[2025.12.03-14.03.43:616][  0]LogPakFile: PakFile FullDirectoryIndexSize=150
[2025.12.03-14.03.43:616][  0]LogShaderLibrary: Display: ShaderCodeLibraryPakFileMountedCallback: PakFile 'F:/Epic/Epic Games/UE_4.27/FeaturePacks/TP_VehicleAdvBP.upack' (chunk index -1, root 'root:/') mounted
[2025.12.03-14.03.43:616][  0]LogShaderLibrary: Display: ShaderCodeLibraryPakFileMountedCallback: pending pak file info (ChunkID:-1 Root:root:/ File:F:/Epic/Epic Games/UE_4.27/FeaturePacks/TP_VehicleAdvBP.upack)
[2025.12.03-14.03.43:616][  0]LogPakFile: OnPakFileMounted2Time == 0.000029
[2025.12.03-14.03.43:616][  0]LogPakFile: PakFile PrimaryIndexSize=185
[2025.12.03-14.03.43:616][  0]LogPakFile: PakFile PathHashIndexSize=101
[2025.12.03-14.03.43:616][  0]LogPakFile: PakFile FullDirectoryIndexSize=144
[2025.12.03-14.03.43:616][  0]LogShaderLibrary: Display: ShaderCodeLibraryPakFileMountedCallback: PakFile 'F:/Epic/Epic Games/UE_4.27/FeaturePacks/TP_VehicleBP.upack' (chunk index -1, root 'root:/') mounted
[2025.12.03-14.03.43:616][  0]LogShaderLibrary: Display: ShaderCodeLibraryPakFileMountedCallback: pending pak file info (ChunkID:-1 Root:root:/ File:F:/Epic/Epic Games/UE_4.27/FeaturePacks/TP_VehicleBP.upack)
[2025.12.03-14.03.43:616][  0]LogPakFile: OnPakFileMounted2Time == 0.000029
[2025.12.03-14.03.43:617][  0]LogPakFile: PakFile PrimaryIndexSize=192
[2025.12.03-14.03.43:617][  0]LogPakFile: PakFile PathHashIndexSize=101
[2025.12.03-14.03.43:617][  0]LogPakFile: PakFile FullDirectoryIndexSize=158
[2025.12.03-14.03.43:617][  0]LogShaderLibrary: Display: ShaderCodeLibraryPakFileMountedCallback: PakFile 'F:/Epic/Epic Games/UE_4.27/FeaturePacks/TP_VirtualRealityBP.upack' (chunk index -1, root 'root:/') mounted
[2025.12.03-14.03.43:617][  0]LogShaderLibrary: Display: ShaderCodeLibraryPakFileMountedCallback: pending pak file info (ChunkID:-1 Root:root:/ File:F:/Epic/Epic Games/UE_4.27/FeaturePacks/TP_VirtualRealityBP.upack)
[2025.12.03-14.03.43:617][  0]LogPakFile: OnPakFileMounted2Time == 0.000027
[2025.12.03-14.03.43:656][  0]LogNativeClassHierarchy: Verbose: Native class hierarchy updated for 'AddContentDialog' in 0.0003 seconds. Added 0 classes and 0 folders.
[2025.12.03-14.03.43:662][  0]LogNativeClassHierarchy: Verbose: Native class hierarchy updated for 'SceneOutliner' in 0.0003 seconds. Added 2 classes and 0 folders.
[2025.12.03-14.03.43:819][  0]LogSlate: Took 0.000191 seconds to synchronously load lazily loaded font '../../../Engine/Content/Slate/Fonts/Roboto-Regular.ttf' (155K)
[2025.12.03-14.03.43:821][  0]LogSlate: Took 0.001301 seconds to synchronously load lazily loaded font '../../../Engine/Content/Slate/Fonts/DroidSansFallback.ttf' (3848K)
[2025.12.03-14.03.43:822][  0]LogSlate: Took 0.000658 seconds to synchronously load lazily loaded font '../../../Engine/Content/Editor/Slate/Fonts/FontAwesome.ttf' (139K)
[2025.12.03-14.03.43:822][  0]LogSlate: Took 0.000130 seconds to synchronously load lazily loaded font '../../../Engine/Content/Slate/Fonts/Roboto-Bold.ttf' (160K)
[2025.12.03-14.03.43:825][  0]LogSlate: Took 0.000474 seconds to synchronously load lazily loaded font '../../../Engine/Content/Slate/Fonts/DroidSansMono.ttf' (77K)
[2025.12.03-14.03.43:970][  0]LogRenderer: Reallocating scene render targets to support 976x408 Format 10 NumSamples 1 (Frame:1).
[2025.12.03-14.03.44:240][  0]LogNativeClassHierarchy: Verbose: Native class hierarchy updated for 'HierarchicalLODOutliner' in 0.0003 seconds. Added 0 classes and 0 folders.
[2025.12.03-14.03.44:240][  0]LogLoad: (Engine Initialization) Total time: 9.24 seconds
[2025.12.03-14.03.44:240][  0]LogLoad: (Engine Initialization) Total Blueprint compile time: 0.00 seconds
[2025.12.03-14.03.44:299][  0]LogAssetRegistry: Asset discovery search completed in 5.7324 seconds
[2025.12.03-14.03.44:305][  0]LogCollectionManager: Fixed up redirectors for 0 collections in 0.000004 seconds (updated 0 objects)
[2025.12.03-14.03.44:307][  0]LogContentStreaming: Texture pool size now 1000 MB
[2025.12.03-14.08.08:832][572]LogSlate: Took 0.000876 seconds to synchronously load lazily loaded font '../../../Engine/Content/Slate/Fonts/Roboto-Light.ttf' (167K)
